[2016.01.31-23.19.51:163][  0]Log file open, 01/31/16 17:19:51
[2016.01.31-23.19.51:163][  0]LogInit:Display: Running engine for game: HauntedPunchHouse
[2016.01.31-23.19.51:163][  0]LogPlatformFile: Not using cached read wrapper
[2016.01.31-23.19.51:163][  0]LogInit:Display: RandInit(-635799435) SRandInit(-635799432).
[2016.01.31-23.19.51:163][  0]LogTaskGraph: Started task graph with 4 named threads and 5 total threads.
[2016.01.31-23.19.51:163][  0]LogStats: Stats thread started at 0.094826
[2016.01.31-23.19.51:163][  0]LogInit: Version: 4.10.2-2818068+++depot+UE4-Releases+4.10
[2016.01.31-23.19.51:163][  0]LogInit: API Version: 2758231
[2016.01.31-23.19.51:163][  0]LogInit: Compiled (64-bit): Jan  6 2016 17:36:42
[2016.01.31-23.19.51:163][  0]LogInit: Compiled with Visual C++: 19.00.23026.00
[2016.01.31-23.19.51:163][  0]LogInit: Build Configuration: Development
[2016.01.31-23.19.51:163][  0]LogInit: Branch Name: ++depot+UE4-Releases+4.10
[2016.01.31-23.19.51:163][  0]LogInit: Command line:  
[2016.01.31-23.19.51:163][  0]LogInit: Base directory: D:/Student Data/My Programs/Epic Games/4.10/Engine/Binaries/Win64/
[2016.01.31-23.19.51:163][  0]LogInit: Rocket: 1
[2016.01.31-23.19.51:168][  0]LogInit: Using libcurl 7.41.0
[2016.01.31-23.19.51:168][  0]LogInit:  - built for x86_64-pc-win32
[2016.01.31-23.19.51:168][  0]LogInit:  - supports SSL with WinSSL
[2016.01.31-23.19.51:168][  0]LogInit:  - other features:
[2016.01.31-23.19.51:168][  0]LogInit:      CURL_VERSION_SSL
[2016.01.31-23.19.51:168][  0]LogInit:      CURL_VERSION_IPV6
[2016.01.31-23.19.51:168][  0]LogInit:      CURL_VERSION_ASYNCHDNS
[2016.01.31-23.19.51:168][  0]LogInit:      CURL_VERSION_LARGEFILE
[2016.01.31-23.19.51:168][  0]LogInit:      CURL_VERSION_IDN
[2016.01.31-23.19.51:168][  0]LogInit:  CurlRequestOptions (configurable via config and command line):
[2016.01.31-23.19.51:168][  0]LogInit:  - bVerifyPeer = true  - Libcurl will verify peer certificate
[2016.01.31-23.19.51:168][  0]LogInit:  - bUseHttpProxy = false  - Libcurl will NOT use HTTP proxy
[2016.01.31-23.19.51:168][  0]LogInit:  - bDontReuseConnections = false  - Libcurl will reuse connections
[2016.01.31-23.19.51:168][  0]LogInit:  - CertBundlePath = nullptr  - Libcurl will use whatever was configured at build time.
[2016.01.31-23.19.51:174][  0]LogInit: Presizing for 0 objects not considered by GC, pre-allocating 0 bytes.
[2016.01.31-23.19.51:180][  0]LogInit: Object subsystem initialized
[2016.01.31-23.19.51:181][  0]LogInit: Selected Device Profile: [Windows]
[2016.01.31-23.19.51:181][  0]LogInit: Applying CVar settings loaded from the selected device profile: [Windows]
[2016.01.31-23.19.51:191][  0]LogInit: Computer: C-5820B173ED7A
[2016.01.31-23.19.51:191][  0]LogInit: User: Patrick
[2016.01.31-23.19.51:191][  0]LogInit: CPU Page size=4096, Cores=2
[2016.01.31-23.19.51:191][  0]LogInit: High frequency timer resolution =2.143472 MHz
[2016.01.31-23.19.51:191][  0]LogMemory: Memory total: Physical=7.9GB (8GB approx)
[2016.01.31-23.19.51:191][  0]LogMemory: Platform Memory Stats for Windows
[2016.01.31-23.19.51:191][  0]LogMemory: Process Physical Memory: 55.76 MB used, 55.76 MB peak
[2016.01.31-23.19.51:191][  0]LogMemory: Process Virtual Memory: 57.57 MB used, 57.57 MB peak
[2016.01.31-23.19.51:191][  0]LogMemory: Physical Memory: 3291.63 MB used, 8067.11 MB total
[2016.01.31-23.19.51:191][  0]LogMemory: Virtual Memory: 382.73 MB used, 134217728.00 MB total
[2016.01.31-23.19.51:226][  0]LogTextLocalizationManager: No specific translations for ('en-US') exist, so ('en') translations will be used.
[2016.01.31-23.19.51:801][  0]LogD3D11RHI: Found D3D11 adapter 0: Intel(R) HD Graphics 5500 (Feature Level 11_0)
[2016.01.31-23.19.51:801][  0]LogD3D11RHI: Adapter has 128MB of dedicated video memory, 0MB of dedicated system memory, and 4033MB of shared system memory, 1 output[s]
[2016.01.31-23.19.52:398][  0]LogD3D11RHI: Found D3D11 adapter 1: AMD Radeon R7 M260X (Feature Level 11_0)
[2016.01.31-23.19.52:398][  0]LogD3D11RHI: Adapter has 1003MB of dedicated video memory, 0MB of dedicated system memory, and 4033MB of shared system memory, 0 output[s]
[2016.01.31-23.19.52:400][  0]LogD3D11RHI: Found D3D11 adapter 2: Microsoft Basic Render Driver (Feature Level 11_0)
[2016.01.31-23.19.52:400][  0]LogD3D11RHI: Adapter has 0MB of dedicated video memory, 0MB of dedicated system memory, and 4033MB of shared system memory, 0 output[s]
[2016.01.31-23.19.52:400][  0]LogD3D11RHI: Chosen D3D11 Adapter Id = 0
[2016.01.31-23.19.52:407][  0]LogD3D11RHI: !Direct3DDevice
[2016.01.31-23.19.52:407][  0]LogRHI: Texture pool is 1361 MB (70% of 1945 MB)
[2016.01.31-23.19.52:412][  0]LogD3D11RHI: Async texture creation enabled
[2016.01.31-23.19.52:420][  0]LogShaderCompilers: Guid format shader working directory is -6 characters bigger than the processId version (../../../../../../Documents/GitHub/Haunted-Punch-House/Intermediate/Shaders/WorkingDirectory/3956/).
[2016.01.31-23.19.52:420][  0]LogShaderCompilers: Cleaned the shader compiler working directory 'C:/Users/Student/AppData/Local/Temp/UnrealShaderWorkingDir/86B0CE7A4F3D02B58ADD6E85E145A26A/'.
[2016.01.31-23.19.52:420][  0]LogShaderCompilers:Display: Using Local Shader Compiler.
[2016.01.31-23.19.53:692][  0]LogTemp:Display: Loaded TP AllDesktopTargetPlatform
[2016.01.31-23.19.53:697][  0]LogTemp:Display: Loaded TP WindowsClientTargetPlatform
[2016.01.31-23.19.53:701][  0]LogTemp:Display: Loaded TP WindowsNoEditorTargetPlatform
[2016.01.31-23.19.53:706][  0]LogTemp:Display: Loaded TP WindowsServerTargetPlatform
[2016.01.31-23.19.53:712][  0]LogTemp:Display: Loaded TP WindowsTargetPlatform
[2016.01.31-23.19.53:717][  0]LogTemp:Display: Loaded TP AndroidTargetPlatform
[2016.01.31-23.19.53:722][  0]LogTemp:Display: Loaded TP Android_ASTCTargetPlatform
[2016.01.31-23.19.53:726][  0]LogTemp:Display: Loaded TP Android_ATCTargetPlatform
[2016.01.31-23.19.53:731][  0]LogTemp:Display: Loaded TP Android_DXTTargetPlatform
[2016.01.31-23.19.53:736][  0]LogTemp:Display: Loaded TP Android_ETC1TargetPlatform
[2016.01.31-23.19.53:741][  0]LogTemp:Display: Loaded TP Android_ETC2TargetPlatform
[2016.01.31-23.19.53:751][  0]LogTemp:Display: Loaded TP Android_MultiTargetPlatform
[2016.01.31-23.19.53:751][  0]LogTemp:Display: Loaded TP Android_PVRTCTargetPlatform
[2016.01.31-23.19.53:752][  0]LogTemp:Display: Loaded TP HTML5TargetPlatform
[2016.01.31-23.19.53:770][  0]LogTemp:Display: Loaded TP IOSTargetPlatform
[2016.01.31-23.19.53:773][  0]LogTemp:Display: Loaded TP LinuxNoEditorTargetPlatform
[2016.01.31-23.19.53:776][  0]LogTemp:Display: Loaded TP LinuxServerTargetPlatform
[2016.01.31-23.19.53:781][  0]LogTemp:Display: Loaded TP LinuxTargetPlatform
[2016.01.31-23.19.53:781][  0]LogTargetPlatformManager:Display: Building Assets For Windows
[2016.01.31-23.19.53:858][  0]LogDerivedDataCache:Display: Max Cache Size: 512 MB
[2016.01.31-23.19.54:185][  0]LogDerivedDataCache: Loaded boot cache 0.33s 41MB C:/Users/Student/AppData/Local/UnrealEngine/4.10/DerivedDataCache/Boot.ddc.
[2016.01.31-23.19.54:185][  0]LogDerivedDataCache:Display: Loaded Boot cache: C:/Users/Student/AppData/Local/UnrealEngine/4.10/DerivedDataCache/Boot.ddc
[2016.01.31-23.19.54:185][  0]LogDerivedDataCache: FDerivedDataBackendGraph:  Pak pak cache file ../../../../../../Documents/GitHub/Haunted-Punch-House/DerivedDataCache/DDC.ddp not found, will not use a pak cache.
[2016.01.31-23.19.54:185][  0]LogDerivedDataCache: Unable to find inner node Pak for hierarchical cache Hierarchy.
[2016.01.31-23.19.54:185][  0]LogDerivedDataCache: FDerivedDataBackendGraph:  CompressedPak pak cache file ../../../../../../Documents/GitHub/Haunted-Punch-House/DerivedDataCache/Compressed.ddp not found, will not use a pak cache.
[2016.01.31-23.19.54:185][  0]LogDerivedDataCache: Unable to find inner node CompressedPak for hierarchical cache Hierarchy.
[2016.01.31-23.19.54:253][  0]LogDerivedDataCache:Display: Pak cache opened for reading ../../../Engine/DerivedDataCache/Compressed.ddp.
[2016.01.31-23.19.54:265][  0]LogDerivedDataCache: Using Local data cache path C:/Users/Student/AppData/Local/UnrealEngine/Common/DerivedDataCache: Writable
[2016.01.31-23.19.55:767][  0]LogInit: Selected Device Profile: [Windows]
[2016.01.31-23.19.55:771][  0]LogContentStreaming: Texture pool size is 0.000000MB
[2016.01.31-23.19.56:004][  0]LogMeshUtilities: No automatic mesh reduction module available
[2016.01.31-23.19.56:004][  0]LogMeshUtilities: No automatic mesh merging module available
[2016.01.31-23.19.56:606][  0]LogInit: WinSock: version 1.1 (2.2), MaxSocks=32767, MaxUdp=65467
[2016.01.31-23.20.00:209][  0]UdpMessaging: Initializing bridge on interface 0.0.0.0:0 to multicast group 230.0.0.1:6666.
[2016.01.31-23.20.00:343][  0]LogAssetRegistry: FAssetRegistry took 0.0110 seconds to start up
[2016.01.31-23.20.00:715][  0]SourceControl: Info Source control is disabled
[2016.01.31-23.20.00:716][  0]SourceControl: Info Source control is disabled
[2016.01.31-23.20.00:726][  0]SourceControl: Info Source control is disabled
[2016.01.31-23.20.00:734][  0]SourceControl: Info Source control is disabled
[2016.01.31-23.20.01:068][  0]LogObj: 28633 objects as part of root set at end of initial load.
[2016.01.31-23.20.01:068][  0]LogUObjectAllocator: 6099744 out of 0 bytes used by permanent object pool.
[2016.01.31-23.20.01:195][  0]LogEngine: Initializing Engine...
[2016.01.31-23.20.01:201][  0]LogHMD: Can't find Oculus library dev build: is proper Runtime installed? Version: 0.8.0.0
[2016.01.31-23.20.01:202][  0]LogHMD: SteamVR failed to initialize.  Err: 110
[2016.01.31-23.20.01:816][  0]LogAIModule: Creating AISystem for world NewWorld
[2016.01.31-23.20.01:820][  0]LogInit: XAudio2 using 'Speakers/Headphones (Realtek High Definition Audio)' : 2 channels at 48 kHz using 32 bits per sample (channel mask 0x3)
[2016.01.31-23.20.02:293][  0]LogInit: FAudioDevice initialized.
[2016.01.31-23.20.02:324][  0]LogDerivedDataCache: Saved boot cache 0.03s 41MB C:/Users/Student/AppData/Local/UnrealEngine/4.10/DerivedDataCache/Boot.ddc.
[2016.01.31-23.20.02:333][  0]LogInit: Texture streaming: Enabled
[2016.01.31-23.20.02:337][  0]LogAnalytics: Creating configured Analytics provider AnalyticsET
[2016.01.31-23.20.02:337][  0]LogAnalytics: [UEEditor.Rocket.Release] APIServer = http://et2.epicgames.com/ET2/. AppVersion = 4.10.2-2818068+++depot+UE4-Releases+4.10
[2016.01.31-23.20.02:338][  0]LogAnalytics: [UEEditor.Rocket.Release] SetUserId c6e9426d40c3b6b6523f2fbbe6b659f3|ad566b4d291d47d9a4654a9438cd3aeb|76f780ed-daf0-401c-9ba3-dae71ad2bf29
[2016.01.31-23.20.02:338][  0]LogAnalytics: [UEEditor.Rocket.Release] AnalyticsET::StartSession
[2016.01.31-23.20.02:347][  0]LogInit: Transaction tracking system initialized
[2016.01.31-23.20.02:373][  0]BlueprintLog: New page: Editor Load
[2016.01.31-23.20.02:477][  0]LocalizationService: Info Localization service is disabled
[2016.01.31-23.20.02:813][  0]LogConsoleResponse:Display: 
[2016.01.31-23.20.03:303][  0]LogCook:Display: Done creating registry. It took  0.00s.
[2016.01.31-23.20.03:426][  0]LogFileCache: Scanning file cache for directory 'D:/Student Data/Documents/GitHub/Haunted-Punch-House/Content/' took 0.02s
[2016.01.31-23.20.03:426][  0]SourceControl: Info Source control is disabled
[2016.01.31-23.20.03:426][  0]Cmd: MAP LOAD FILE="../../../../../../Documents/GitHub/Haunted-Punch-House/Content/TopDownBP/Maps/TopDownExampleMap.umap" TEMPLATE=0 SHOWPROGRESS=1 FEATURELEVEL=3
[2016.01.31-23.20.03:427][  0]LightingResults: New page: Lighting Build
[2016.01.31-23.20.03:429][  0]MapCheck: New page: Map Check
[2016.01.31-23.20.03:429][  0]LightingResults: New page: Lighting Build
[2016.01.31-23.20.03:450][  0]LogParticles: Destroying 0 GPU particle simulations for FXSystem 0x000001830BC16160
[2016.01.31-23.20.03:957][  0]LogAIModule: Creating AISystem for world TopDownExampleMap
[2016.01.31-23.20.03:976][  0]LogEditorServer: Finished looking for orphan Actors (0.000 secs)
[2016.01.31-23.20.03:977][  0]Cmd: MAP CHECKDEP NOCLEARLOG
[2016.01.31-23.20.04:030][  0]MapCheck: Info Map check complete: 0 Error(s), 0 Warning(s), took 52.991ms to complete.
[2016.01.31-23.20.04:030][  0]LogFileHelpers: Loading map 'TopDownExampleMap' took 0.604
[2016.01.31-23.20.04:204][  0]LogCollectionManager: Loaded 0 collections in 0.002279 seconds
[2016.01.31-23.20.04:242][  0]LogFileCache: Scanning file cache for directory 'D:/Student Data/Documents/GitHub/Haunted-Punch-House/Saved/Collections/' took 0.01s
[2016.01.31-23.20.04:242][  0]LogFileCache: Scanning file cache for directory 'D:/Student Data/Documents/GitHub/Haunted-Punch-House/Content/Developers/Patrick/Collections/' took 0.01s
[2016.01.31-23.20.04:242][  0]LogFileCache: Scanning file cache for directory 'D:/Student Data/Documents/GitHub/Haunted-Punch-House/Content/Collections/' took 0.01s
[2016.01.31-23.20.04:242][  0]LogCollectionManager: Rebuilt the GUID cache for 0 collections in 0.000002 seconds
[2016.01.31-23.20.04:252][  0]LogContentBrowser: Native class hierarchy populated in 0.0092 seconds. Added 1893 classes and 338 folders.
[2016.01.31-23.20.04:257][  0]LogContentBrowser: Native class hierarchy updated for 'WidgetCarousel' in 0.0003 seconds. Added 0 classes and 0 folders.
[2016.01.31-23.20.04:831][  0]LogContentBrowser: Native class hierarchy updated for 'AddContentDialog' in 0.0005 seconds. Added 0 classes and 0 folders.
[2016.01.31-23.20.04:835][  0]LogContentBrowser: Native class hierarchy updated for 'SceneOutliner' in 0.0005 seconds. Added 1 classes and 2 folders.
[2016.01.31-23.20.04:893][  0]LogCrashTracker: Crashtracker disabled due to settings.
[2016.01.31-23.20.04:898][  0]LogUObjectGlobals:Warning: Failed to find object 'Class None.'
[2016.01.31-23.20.04:922][  0]LogLoad: Full Startup: 14.20 seconds (BP compile: 0.11 seconds)
[2016.01.31-23.20.04:943][  0]LogOcInput: Can't find Oculus library dev build: is proper Runtime installed? Version: 0.8.0.0
[2016.01.31-23.20.05:093][  0]LogContentStreaming: Texture pool size now 400 MB
[2016.01.31-23.20.05:294][  0]LogRenderer: Reallocating scene render targets to support 1008x456 (Frame:2).
[2016.01.31-23.20.05:974][  4]LogAssetRegistry: Asset discovery search completed in 5.6423 seconds
[2016.01.31-23.20.05:975][  4]LogCollectionManager: Rebuilt the object cache for 0 collections in 0.000002 seconds (found 0 objects)
[2016.01.31-23.20.05:975][  4]LogCollectionManager: Fixed up redirectors for 0 collections in 0.000049 seconds (updated 0 objects)
[2016.01.31-23.20.13:853][463]LogBlueprintUserMessages: Early PlayInEditor Detection: Level '/Game/TopDownBP/Maps/TopDownExampleMap.TopDownExampleMap:PersistentLevel' has LevelScriptBlueprint '/Game/TopDownBP/Maps/TopDownExampleMap.TopDownExampleMap:PersistentLevel.TopDownExampleMap' with GeneratedClass '/Game/TopDownBP/Maps/TopDownExampleMap.TopDownExampleMap_C' with ClassGeneratedBy '/Game/TopDownBP/Maps/TopDownExampleMap.TopDownExampleMap:PersistentLevel.TopDownExampleMap'
[2016.01.31-23.20.13:853][463]LogPlayLevel: PlayLevel: No blueprints needed recompiling
[2016.01.31-23.20.13:854][463]PIE: New page: PIE session: TopDownExampleMap (Jan 31, 2016, 11:20:13 AM)
[2016.01.31-23.20.13:854][463]LogPlayLevel: Creating play world package: /Game/TopDownBP/Maps/UEDPIE_0_TopDownExampleMap
[2016.01.31-23.20.13:896][463]LogPlayLevel: PIE: StaticDuplicateObject took: (0.041383s)
[2016.01.31-23.20.13:897][463]LogAIModule: Creating AISystem for world TopDownExampleMap
[2016.01.31-23.20.13:897][463]LogPlayLevel: PIE: World Init took: (0.001348s)
[2016.01.31-23.20.13:897][463]LogPlayLevel: PIE: Created PIE world by copying editor world from /Game/TopDownBP/Maps/TopDownExampleMap.TopDownExampleMap to /Game/TopDownBP/Maps/UEDPIE_0_TopDownExampleMap.TopDownExampleMap (0.043047s)
[2016.01.31-23.20.13:946][463]LogInit: XAudio2 using 'Speakers/Headphones (Realtek High Definition Audio)' : 2 channels at 48 kHz using 32 bits per sample (channel mask 0x3)
[2016.01.31-23.20.13:959][463]LogInit: FAudioDevice initialized.
[2016.01.31-23.20.14:034][463]LogWorld: Game class is 'TopDownGameMode_C'
[2016.01.31-23.20.14:040][463]LogWorld: Bringing World /Game/TopDownBP/Maps/UEDPIE_0_TopDownExampleMap.TopDownExampleMap up for play (max tick rate 60) at 2016.01.31-17.20.14
[2016.01.31-23.20.14:040][463]LogActor:Warning: GameSession /Game/TopDownBP/Maps/UEDPIE_0_TopDownExampleMap.TopDownExampleMap:PersistentLevel.GameSession_0 has natively added scene component(s), but none of them were set as the actor's RootComponent - picking one arbitrarily
[2016.01.31-23.20.14:040][463]LogActor:Warning: GameNetworkManager /Game/TopDownBP/Maps/UEDPIE_0_TopDownExampleMap.TopDownExampleMap:PersistentLevel.GameNetworkManager_0 has natively added scene component(s), but none of them were set as the actor's RootComponent - picking one arbitrarily
[2016.01.31-23.20.14:040][463]LogWorld: Bringing up level for play took: 0.005675
[2016.01.31-23.20.14:043][463]PIE: Info Play in editor start time for /Game/TopDownBP/Maps/UEDPIE_0_TopDownExampleMap -0.559
[2016.01.31-23.20.14:043][463]LogBlueprintUserMessages: Late PlayInEditor Detection: Level '/Game/TopDownBP/Maps/TopDownExampleMap.TopDownExampleMap:PersistentLevel' has LevelScriptBlueprint '/Game/TopDownBP/Maps/TopDownExampleMap.TopDownExampleMap:PersistentLevel.TopDownExampleMap' with GeneratedClass '/Game/TopDownBP/Maps/TopDownExampleMap.TopDownExampleMap_C' with ClassGeneratedBy '/Game/TopDownBP/Maps/TopDownExampleMap.TopDownExampleMap:PersistentLevel.TopDownExampleMap'
[2016.01.31-23.37.25:338][618]LogBlueprintUserMessages: Early EndPlayMap Detection: Level '/Game/TopDownBP/Maps/TopDownExampleMap.TopDownExampleMap:PersistentLevel' has LevelScriptBlueprint '/Game/TopDownBP/Maps/TopDownExampleMap.TopDownExampleMap:PersistentLevel.TopDownExampleMap' with GeneratedClass '/Game/TopDownBP/Maps/TopDownExampleMap.TopDownExampleMap_C' with ClassGeneratedBy '/Game/TopDownBP/Maps/TopDownExampleMap.TopDownExampleMap:PersistentLevel.TopDownExampleMap'
[2016.01.31-23.37.25:431][618]LogBlueprintUserMessages: Late EndPlayMap Detection: Level '/Game/TopDownBP/Maps/TopDownExampleMap.TopDownExampleMap:PersistentLevel' has LevelScriptBlueprint '/Game/TopDownBP/Maps/TopDownExampleMap.TopDownExampleMap:PersistentLevel.TopDownExampleMap' with GeneratedClass '/Game/TopDownBP/Maps/TopDownExampleMap.TopDownExampleMap_C' with ClassGeneratedBy '/Game/TopDownBP/Maps/TopDownExampleMap.TopDownExampleMap:PersistentLevel.TopDownExampleMap'
[2016.01.31-23.37.25:465][618]LogParticles: Destroying 0 GPU particle simulations for FXSystem 0x00000183234E94E0
[2016.01.31-23.37.30:258][902]LogEditorViewport: Clicking on Actor (LMB): PlayerStart (NetworkPlayerStart)
[2016.01.31-23.37.53:702][211]LogNavigationPoint: PostEditMove Clear paths rebuilt
[2016.01.31-23.37.58:893][513]LogEditorViewport: Clicking on Actor (LMB): StaticMeshActor (Floor)
[2016.01.31-23.38.00:632][605]LogBlueprintUserMessages: Early PlayInEditor Detection: Level '/Game/TopDownBP/Maps/TopDownExampleMap.TopDownExampleMap:PersistentLevel' has LevelScriptBlueprint '/Game/TopDownBP/Maps/TopDownExampleMap.TopDownExampleMap:PersistentLevel.TopDownExampleMap' with GeneratedClass '/Game/TopDownBP/Maps/TopDownExampleMap.TopDownExampleMap_C' with ClassGeneratedBy '/Game/TopDownBP/Maps/TopDownExampleMap.TopDownExampleMap:PersistentLevel.TopDownExampleMap'
[2016.01.31-23.38.00:632][605]LogPlayLevel: PlayLevel: No blueprints needed recompiling
[2016.01.31-23.38.00:632][605]PIE: New page: PIE session: TopDownExampleMap (Jan 31, 2016, 11:38:00 AM)
[2016.01.31-23.38.00:632][605]LogPlayLevel: Creating play world package: /Game/TopDownBP/Maps/UEDPIE_0_TopDownExampleMap
[2016.01.31-23.38.00:664][605]LogPlayLevel: PIE: StaticDuplicateObject took: (0.031683s)
[2016.01.31-23.38.00:665][605]LogAIModule: Creating AISystem for world TopDownExampleMap
[2016.01.31-23.38.00:665][605]LogPlayLevel: PIE: World Init took: (0.001607s)
[2016.01.31-23.38.00:665][605]LogPlayLevel: PIE: Created PIE world by copying editor world from /Game/TopDownBP/Maps/TopDownExampleMap.TopDownExampleMap to /Game/TopDownBP/Maps/UEDPIE_0_TopDownExampleMap.TopDownExampleMap (0.033602s)
[2016.01.31-23.38.00:698][605]LogInit: XAudio2 using 'Speakers/Headphones (Realtek High Definition Audio)' : 2 channels at 48 kHz using 32 bits per sample (channel mask 0x3)
[2016.01.31-23.38.00:710][605]LogInit: FAudioDevice initialized.
[2016.01.31-23.38.00:745][605]LogWorld: Game class is 'TopDownGameMode_C'
[2016.01.31-23.38.00:752][605]LogWorld: Bringing World /Game/TopDownBP/Maps/UEDPIE_0_TopDownExampleMap.TopDownExampleMap up for play (max tick rate 60) at 2016.01.31-17.38.00
[2016.01.31-23.38.00:752][605]LogActor:Warning: GameSession /Game/TopDownBP/Maps/UEDPIE_0_TopDownExampleMap.TopDownExampleMap:PersistentLevel.GameSession_1 has natively added scene component(s), but none of them were set as the actor's RootComponent - picking one arbitrarily
[2016.01.31-23.38.00:752][605]LogActor:Warning: GameNetworkManager /Game/TopDownBP/Maps/UEDPIE_0_TopDownExampleMap.TopDownExampleMap:PersistentLevel.GameNetworkManager_1 has natively added scene component(s), but none of them were set as the actor's RootComponent - picking one arbitrarily
[2016.01.31-23.38.00:753][605]LogWorld: Bringing up level for play took: 0.006889
[2016.01.31-23.38.00:755][605]PIE: Info Play in editor start time for /Game/TopDownBP/Maps/UEDPIE_0_TopDownExampleMap 0.153
[2016.01.31-23.38.00:755][605]LogBlueprintUserMessages: Late PlayInEditor Detection: Level '/Game/TopDownBP/Maps/TopDownExampleMap.TopDownExampleMap:PersistentLevel' has LevelScriptBlueprint '/Game/TopDownBP/Maps/TopDownExampleMap.TopDownExampleMap:PersistentLevel.TopDownExampleMap' with GeneratedClass '/Game/TopDownBP/Maps/TopDownExampleMap.TopDownExampleMap_C' with ClassGeneratedBy '/Game/TopDownBP/Maps/TopDownExampleMap.TopDownExampleMap:PersistentLevel.TopDownExampleMap'
[2016.01.31-23.38.03:588][752]LogBlueprintUserMessages: Early EndPlayMap Detection: Level '/Game/TopDownBP/Maps/TopDownExampleMap.TopDownExampleMap:PersistentLevel' has LevelScriptBlueprint '/Game/TopDownBP/Maps/TopDownExampleMap.TopDownExampleMap:PersistentLevel.TopDownExampleMap' with GeneratedClass '/Game/TopDownBP/Maps/TopDownExampleMap.TopDownExampleMap_C' with ClassGeneratedBy '/Game/TopDownBP/Maps/TopDownExampleMap.TopDownExampleMap:PersistentLevel.TopDownExampleMap'
[2016.01.31-23.38.03:636][752]LogBlueprintUserMessages: Late EndPlayMap Detection: Level '/Game/TopDownBP/Maps/TopDownExampleMap.TopDownExampleMap:PersistentLevel' has LevelScriptBlueprint '/Game/TopDownBP/Maps/TopDownExampleMap.TopDownExampleMap:PersistentLevel.TopDownExampleMap' with GeneratedClass '/Game/TopDownBP/Maps/TopDownExampleMap.TopDownExampleMap_C' with ClassGeneratedBy '/Game/TopDownBP/Maps/TopDownExampleMap.TopDownExampleMap:PersistentLevel.TopDownExampleMap'
[2016.01.31-23.38.03:685][753]LogParticles: Destroying 0 GPU particle simulations for FXSystem 0x000001830B58A5C0
[2016.01.31-23.38.55:343][169]LogEditorViewport: Clicking on Actor (LMB): PlayerStart (NetworkPlayerStart)
[2016.01.31-23.39.05:140][749]LogBlueprintUserMessages: Early PlayInEditor Detection: Level '/Game/TopDownBP/Maps/TopDownExampleMap.TopDownExampleMap:PersistentLevel' has LevelScriptBlueprint '/Game/TopDownBP/Maps/TopDownExampleMap.TopDownExampleMap:PersistentLevel.TopDownExampleMap' with GeneratedClass '/Game/TopDownBP/Maps/TopDownExampleMap.TopDownExampleMap_C' with ClassGeneratedBy '/Game/TopDownBP/Maps/TopDownExampleMap.TopDownExampleMap:PersistentLevel.TopDownExampleMap'
[2016.01.31-23.39.05:140][749]LogPlayLevel: PlayLevel: No blueprints needed recompiling
[2016.01.31-23.39.05:140][749]PIE: New page: PIE session: TopDownExampleMap (Jan 31, 2016, 11:39:05 AM)
[2016.01.31-23.39.05:140][749]LogPlayLevel: Creating play world package: /Game/TopDownBP/Maps/UEDPIE_0_TopDownExampleMap
[2016.01.31-23.39.05:178][749]LogPlayLevel: PIE: StaticDuplicateObject took: (0.037256s)
[2016.01.31-23.39.05:179][749]LogAIModule: Creating AISystem for world TopDownExampleMap
[2016.01.31-23.39.05:179][749]LogPlayLevel: PIE: World Init took: (0.001548s)
[2016.01.31-23.39.05:179][749]LogPlayLevel: PIE: Created PIE world by copying editor world from /Game/TopDownBP/Maps/TopDownExampleMap.TopDownExampleMap to /Game/TopDownBP/Maps/UEDPIE_0_TopDownExampleMap.TopDownExampleMap (0.039125s)
[2016.01.31-23.39.05:219][749]LogInit: XAudio2 using 'Speakers/Headphones (Realtek High Definition Audio)' : 2 channels at 48 kHz using 32 bits per sample (channel mask 0x3)
[2016.01.31-23.39.05:234][749]LogInit: FAudioDevice initialized.
[2016.01.31-23.39.05:274][749]LogWorld: Game class is 'TopDownGameMode_C'
[2016.01.31-23.39.05:281][749]LogWorld: Bringing World /Game/TopDownBP/Maps/UEDPIE_0_TopDownExampleMap.TopDownExampleMap up for play (max tick rate 60) at 2016.01.31-17.39.05
[2016.01.31-23.39.05:282][749]LogActor:Warning: GameSession /Game/TopDownBP/Maps/UEDPIE_0_TopDownExampleMap.TopDownExampleMap:PersistentLevel.GameSession_2 has natively added scene component(s), but none of them were set as the actor's RootComponent - picking one arbitrarily
[2016.01.31-23.39.05:282][749]LogActor:Warning: GameNetworkManager /Game/TopDownBP/Maps/UEDPIE_0_TopDownExampleMap.TopDownExampleMap:PersistentLevel.GameNetworkManager_2 has natively added scene component(s), but none of them were set as the actor's RootComponent - picking one arbitrarily
[2016.01.31-23.39.05:282][749]LogWorld: Bringing up level for play took: 0.007585
[2016.01.31-23.39.05:286][749]PIE: Info Play in editor start time for /Game/TopDownBP/Maps/UEDPIE_0_TopDownExampleMap 0.683
[2016.01.31-23.39.05:286][749]LogBlueprintUserMessages: Late PlayInEditor Detection: Level '/Game/TopDownBP/Maps/TopDownExampleMap.TopDownExampleMap:PersistentLevel' has LevelScriptBlueprint '/Game/TopDownBP/Maps/TopDownExampleMap.TopDownExampleMap:PersistentLevel.TopDownExampleMap' with GeneratedClass '/Game/TopDownBP/Maps/TopDownExampleMap.TopDownExampleMap_C' with ClassGeneratedBy '/Game/TopDownBP/Maps/TopDownExampleMap.TopDownExampleMap:PersistentLevel.TopDownExampleMap'
[2016.01.31-23.43.04:518][271]LogBlueprintUserMessages: Early EndPlayMap Detection: Level '/Game/TopDownBP/Maps/TopDownExampleMap.TopDownExampleMap:PersistentLevel' has LevelScriptBlueprint '/Game/TopDownBP/Maps/TopDownExampleMap.TopDownExampleMap:PersistentLevel.TopDownExampleMap' with GeneratedClass '/Game/TopDownBP/Maps/TopDownExampleMap.TopDownExampleMap_C' with ClassGeneratedBy '/Game/TopDownBP/Maps/TopDownExampleMap.TopDownExampleMap:PersistentLevel.TopDownExampleMap'
[2016.01.31-23.43.04:551][271]LogBlueprintUserMessages: Late EndPlayMap Detection: Level '/Game/TopDownBP/Maps/TopDownExampleMap.TopDownExampleMap:PersistentLevel' has LevelScriptBlueprint '/Game/TopDownBP/Maps/TopDownExampleMap.TopDownExampleMap:PersistentLevel.TopDownExampleMap' with GeneratedClass '/Game/TopDownBP/Maps/TopDownExampleMap.TopDownExampleMap_C' with ClassGeneratedBy '/Game/TopDownBP/Maps/TopDownExampleMap.TopDownExampleMap:PersistentLevel.TopDownExampleMap'
[2016.01.31-23.43.04:593][271]LogParticles: Destroying 0 GPU particle simulations for FXSystem 0x000001833BA33E20
[2016.01.31-23.43.04:703][272]Cmd: QUIT_EDITOR
[2016.01.31-23.43.04:840][272]LogWindowsTextInputMethodSystem:Display: IME system now deactivated.
[2016.01.31-23.43.04:922][272]LogExit: Preparing to exit.
[2016.01.31-23.43.05:724][272]LogExit: Editor shut down
[2016.01.31-23.43.05:724][272]LogExit: Transaction tracking system shut down
[2016.01.31-23.43.05:726][272]LogParticles: Destroying 0 GPU particle simulations for FXSystem 0x000001837BC43100
[2016.01.31-23.43.05:727][272]LogParticles: Destroying 0 GPU particle simulations for FXSystem 0x000001831268B880
[2016.01.31-23.43.05:727][272]LogParticles: Destroying 0 GPU particle simulations for FXSystem 0x000001830B1ED940
[2016.01.31-23.43.05:727][272]LogParticles: Destroying 0 GPU particle simulations for FXSystem 0x000001830B58BB00
[2016.01.31-23.43.05:890][272]LogParticles: Destroying 0 GPU particle simulations for FXSystem 0x000001830B58B380
[2016.01.31-23.43.05:890][272]LogExit: Object subsystem successfully closed.
[2016.01.31-23.43.05:906][272]LogD3D11RHI: Shutdown
[2016.01.31-23.43.05:906][272]LogD3D11RHI: CleanupD3DDevice
[2016.01.31-23.43.06:003][272]LogD3D11RHI: ~FD3D11DynamicRHI
[2016.01.31-23.43.06:021][272]LogModuleManager: Shutting down and abandoning module CrashTracker (198)
[2016.01.31-23.43.06:022][272]LogModuleManager: Shutting down and abandoning module SceneOutliner (197)
[2016.01.31-23.43.06:022][272]LogModuleManager: Shutting down and abandoning module SuperSearch (196)
[2016.01.31-23.43.06:022][272]LogModuleManager: Shutting down and abandoning module WidgetCarousel (195)
[2016.01.31-23.43.06:022][272]LogModuleManager: Shutting down and abandoning module AddContentDialog (194)
[2016.01.31-23.43.06:023][272]LogModuleManager: Shutting down and abandoning module EditorWidgets (193)
[2016.01.31-23.43.06:023][272]LogModuleManager: Shutting down and abandoning module CollectionManager (192)
[2016.01.31-23.43.06:023][272]LogModuleManager: Shutting down and abandoning module StatsViewer (191)
[2016.01.31-23.43.06:023][272]LogModuleManager: Shutting down and abandoning module FoliageEdit (190)
[2016.01.31-23.43.06:023][272]LogModuleManager: Shutting down and abandoning module LandscapeEditor (189)
[2016.01.31-23.43.06:023][272]LogModuleManager: Shutting down and abandoning module ActorPickerMode (188)
[2016.01.31-23.43.06:023][272]LogModuleManager: Shutting down and abandoning module GeometryMode (187)
[2016.01.31-23.43.06:023][272]LogModuleManager: Shutting down and abandoning module TextureAlignMode (186)
[2016.01.31-23.43.06:023][272]LogModuleManager: Shutting down and abandoning module BspMode (185)
[2016.01.31-23.43.06:023][272]LogModuleManager: Shutting down and abandoning module PlacementMode (184)
[2016.01.31-23.43.06:023][272]LogModuleManager: Shutting down and abandoning module AutomationWorker (183)
[2016.01.31-23.43.06:023][272]LogModuleManager: Shutting down and abandoning module CharacterAI (182)
[2016.01.31-23.43.06:023][272]LogModuleManager: Shutting down and abandoning module SmartSnapping (181)
[2016.01.31-23.43.06:023][272]LogModuleManager: Shutting down and abandoning module ViewportSnapping (180)
[2016.01.31-23.43.06:023][272]LogModuleManager: Shutting down and abandoning module LogVisualizer (179)
[2016.01.31-23.43.06:023][272]LogModuleManager: Shutting down and abandoning module GameProjectGeneration (178)
[2016.01.31-23.43.06:023][272]LogModuleManager: Shutting down and abandoning module IntroTutorials (177)
[2016.01.31-23.43.06:024][272]LogModuleManager: Shutting down and abandoning module EditorLiveStreaming (176)
[2016.01.31-23.43.06:024][272]LogModuleManager: Shutting down and abandoning module IOSPlatformEditor (175)
[2016.01.31-23.43.06:024][272]LogModuleManager: Shutting down and abandoning module HTML5PlatformEditor (174)
[2016.01.31-23.43.06:024][272]LogModuleManager: Shutting down and abandoning module AndroidDeviceDetection (173)
[2016.01.31-23.43.07:018][272]LogModuleManager: Shutting down and abandoning module AndroidPlatformEditor (172)
[2016.01.31-23.43.07:018][272]LogModuleManager: Shutting down and abandoning module IOSRuntimeSettings (171)
[2016.01.31-23.43.07:018][272]LogModuleManager: Shutting down and abandoning module AndroidRuntimeSettings (170)
[2016.01.31-23.43.07:018][272]LogModuleManager: Shutting down and abandoning module MergeActors (169)
[2016.01.31-23.43.07:018][272]LogModuleManager: Shutting down and abandoning module SizeMap (168)
[2016.01.31-23.43.07:018][272]LogModuleManager: Shutting down and abandoning module TreeMap (167)
[2016.01.31-23.43.07:018][272]LogModuleManager: Shutting down and abandoning module ReferenceViewer (166)
[2016.01.31-23.43.07:018][272]LogModuleManager: Shutting down and abandoning module LocalizationService (165)
[2016.01.31-23.43.07:018][272]LogModuleManager: Shutting down and abandoning module LocalizationDashboard (164)
[2016.01.31-23.43.07:018][272]LogModuleManager: Shutting down and abandoning module HardwareTargeting (163)
[2016.01.31-23.43.07:018][272]LogModuleManager: Shutting down and abandoning module DeviceProfileEditor (162)
[2016.01.31-23.43.07:018][272]LogModuleManager: Shutting down and abandoning module UndoHistory (161)
[2016.01.31-23.43.07:018][272]LogModuleManager: Shutting down and abandoning module GameplayTagsEditor (160)
[2016.01.31-23.43.07:018][272]LogModuleManager: Shutting down and abandoning module UserFeedback (159)
[2016.01.31-23.43.07:018][272]LogModuleManager: Shutting down and abandoning module XmlParser (158)
[2016.01.31-23.43.07:018][272]LogModuleManager: Shutting down and abandoning module Blutility (157)
[2016.01.31-23.43.07:018][272]LogModuleManager: Shutting down and abandoning module ProjectTargetPlatformEditor (156)
[2016.01.31-23.43.07:018][272]LogModuleManager: Shutting down and abandoning module ProjectSettingsViewer (155)
[2016.01.31-23.43.07:018][272]LogModuleManager: Shutting down and abandoning module InputBindingEditor (154)
[2016.01.31-23.43.07:019][272]LogModuleManager: Shutting down and abandoning module EditorSettingsViewer (153)
[2016.01.31-23.43.07:019][272]LogModuleManager: Shutting down and abandoning module SettingsEditor (152)
[2016.01.31-23.43.07:019][272]LogModuleManager: Shutting down and abandoning module ProjectLauncher (151)
[2016.01.31-23.43.07:019][272]LogModuleManager: Shutting down and abandoning module SessionFrontend (150)
[2016.01.31-23.43.07:019][272]LogModuleManager: Shutting down and abandoning module ProfilerClient (149)
[2016.01.31-23.43.07:019][272]LogModuleManager: Shutting down and abandoning module TargetDeviceServices (148)
[2016.01.31-23.43.07:019][272]LogModuleManager: Shutting down and abandoning module DeviceManager (147)
[2016.01.31-23.43.07:019][272]LogModuleManager: Shutting down and abandoning module AutomationController (146)
[2016.01.31-23.43.07:019][272]LogModuleManager: Shutting down and abandoning module AutomationWindow (145)
[2016.01.31-23.43.07:019][272]LogModuleManager: Shutting down and abandoning module Layers (144)
[2016.01.31-23.43.07:019][272]LogModuleManager: Shutting down and abandoning module ComponentVisualizers (143)
[2016.01.31-23.43.07:019][272]LogModuleManager: Shutting down and abandoning module DetailCustomizations (142)
[2016.01.31-23.43.07:019][272]LogModuleManager: Shutting down and abandoning module PackagesDialog (141)
[2016.01.31-23.43.07:019][272]LogModuleManager: Shutting down and abandoning module Persona (140)
[2016.01.31-23.43.07:019][272]LogModuleManager: Shutting down and abandoning module Kismet (139)
[2016.01.31-23.43.07:019][272]LogModuleManager: Shutting down and abandoning module GraphEditor (138)
[2016.01.31-23.43.07:019][272]LogModuleManager: Shutting down and abandoning module ClassViewer (137)
[2016.01.31-23.43.07:019][272]LogModuleManager: Shutting down and abandoning module Toolbox (136)
[2016.01.31-23.43.07:019][272]LogModuleManager: Shutting down and abandoning module ModuleUI (135)
[2016.01.31-23.43.07:019][272]LogModuleManager: Shutting down and abandoning module MovieSceneTools (134)
[2016.01.31-23.43.07:019][272]LogModuleManager: Shutting down and abandoning module OutputLog (133)
[2016.01.31-23.43.07:019][272]LogModuleManager: Shutting down and abandoning module GammaUI (132)
[2016.01.31-23.43.07:019][272]LogModuleManager: Shutting down and abandoning module Documentation (131)
[2016.01.31-23.43.07:019][272]LogModuleManager: Shutting down and abandoning module GameLiveStreaming (130)
[2016.01.31-23.43.07:019][272]LogModuleManager: Shutting down and abandoning module StreamingPauseRendering (129)
[2016.01.31-23.43.07:019][272]LogModuleManager: Shutting down and abandoning module AnalyticsET (128)
[2016.01.31-23.43.07:019][272]LogModuleManager: Shutting down and abandoning module Analytics (127)
[2016.01.31-23.43.07:019][272]LogModuleManager: Shutting down and abandoning module AITestSuite (126)
[2016.01.31-23.43.07:019][272]LogModuleManager: Shutting down and abandoning module GameplayDebugger (125)
[2016.01.31-23.43.07:019][272]LogModuleManager: Shutting down and abandoning module AIModule (124)
[2016.01.31-23.43.07:019][272]LogModuleManager: Shutting down and abandoning module ProfilerService (123)
[2016.01.31-23.43.07:269][272]LogModuleManager: Shutting down and abandoning module TaskGraph (122)
[2016.01.31-23.43.07:269][272]LogModuleManager: Shutting down and abandoning module SlateRemote (121)
[2016.01.31-23.43.07:269][272]LogModuleManager: Shutting down and abandoning module SteamVRController (120)
[2016.01.31-23.43.07:269][272]LogModuleManager: Shutting down and abandoning module SteamVR (119)
[2016.01.31-23.43.07:269][272]LogModuleManager: Shutting down and abandoning module ProceduralMeshComponent (118)
[2016.01.31-23.43.07:269][272]LogModuleManager: Shutting down and abandoning module OculusLibrary (117)
[2016.01.31-23.43.07:269][272]LogModuleManager: Shutting down and abandoning module OculusInput (116)
[2016.01.31-23.43.07:269][272]LogModuleManager: Shutting down and abandoning module LeapMotionController (115)
[2016.01.31-23.43.07:289][272]LogModuleManager: Shutting down and abandoning module CustomMeshComponent (114)
[2016.01.31-23.43.07:290][272]LogModuleManager: Shutting down and abandoning module CableComponent (113)
[2016.01.31-23.43.07:290][272]LogModuleManager: Shutting down and abandoning module ArchVisCharacter (112)
[2016.01.31-23.43.07:290][272]LogModuleManager: Shutting down and abandoning module MessagingDebugger (111)
[2016.01.31-23.43.07:290][272]LogModuleManager: Shutting down and abandoning module MediaPlayerEditor (110)
[2016.01.31-23.43.07:290][272]LogModuleManager: Shutting down and abandoning module HTML5Networking (109)
[2016.01.31-23.43.07:290][272]LogModuleManager: Shutting down and abandoning module SpeedTreeImporter (108)
[2016.01.31-23.43.07:290][272]LogModuleManager: Shutting down and abandoning module PluginBrowser (107)
[2016.01.31-23.43.07:290][272]LogModuleManager: Shutting down and abandoning module EpicSurvey (106)
[2016.01.31-23.43.07:290][272]LogModuleManager: Shutting down and abandoning module DesktopPlatform (105)
[2016.01.31-23.43.07:290][272]LogModuleManager: Shutting down and abandoning module VisualStudioSourceCodeAccess (104)
[2016.01.31-23.43.07:290][272]LogModuleManager: Shutting down and abandoning module UObjectPlugin (103)
[2016.01.31-23.43.07:290][272]LogModuleManager: Shutting down and abandoning module SubversionSourceControl (102)
[2016.01.31-23.43.07:290][272]LogModuleManager: Shutting down and abandoning module PerforceSourceControl (101)
[2016.01.31-23.43.07:290][272]LogModuleManager: Shutting down and abandoning module SourceControl (100)
[2016.01.31-23.43.07:290][272]LogModuleManager: Shutting down and abandoning module GitSourceControl (99)
[2016.01.31-23.43.07:290][272]LogModuleManager: Shutting down and abandoning module LightPropagationVolumeEditor (98)
[2016.01.31-23.43.07:290][272]LogModuleManager: Shutting down and abandoning module PaperTiledImporter (97)
[2016.01.31-23.43.07:290][272]LogModuleManager: Shutting down and abandoning module PaperSpriteSheetImporter (96)
[2016.01.31-23.43.07:290][272]LogModuleManager: Shutting down and abandoning module MeshPaint (95)
[2016.01.31-23.43.07:290][272]LogModuleManager: Shutting down and abandoning module SlateReflector (94)
[2016.01.31-23.43.07:290][272]LogModuleManager: Shutting down and abandoning module HotReload (93)
[2016.01.31-23.43.07:290][272]LogModuleManager: Shutting down and abandoning module MainFrame (92)
[2016.01.31-23.43.07:290][272]LogModuleManager: Shutting down and abandoning module LevelEditor (91)
[2016.01.31-23.43.07:291][272]LogModuleManager: Shutting down and abandoning module DirectoryWatcher (90)
[2016.01.31-23.43.07:292][272]LogModuleManager: Shutting down and abandoning module AssetRegistry (89)
[2016.01.31-23.43.07:345][272]LogModuleManager: Shutting down and abandoning module ContentBrowser (88)
[2016.01.31-23.43.07:345][272]LogModuleManager: Shutting down and abandoning module Paper2DEditor (87)
[2016.01.31-23.43.07:345][272]LogModuleManager: Shutting down and abandoning module UdpMessaging (86)
[2016.01.31-23.43.07:446][272]LogModuleManager: Shutting down and abandoning module LightPropagationVolumeRuntime (85)
[2016.01.31-23.43.07:446][272]LogModuleManager: Shutting down and abandoning module Paper2D (84)
[2016.01.31-23.43.07:446][272]LogModuleManager: Shutting down and abandoning module WindowsMoviePlayer (83)
[2016.01.31-23.43.07:448][272]LogModuleManager: Shutting down and abandoning module Media (82)
[2016.01.31-23.43.07:448][272]LogModuleManager: Shutting down and abandoning module WmfMedia (81)
[2016.01.31-23.43.07:448][272]LogModuleManager: Shutting down and abandoning module OnlineBlueprintSupport (80)
[2016.01.31-23.43.07:448][272]LogModuleManager: Shutting down and abandoning module GameplayTasksEditor (79)
[2016.01.31-23.43.07:448][272]LogModuleManager: Shutting down and abandoning module PropertyEditor (78)
[2016.01.31-23.43.07:448][272]LogModuleManager: Shutting down and abandoning module BehaviorTreeEditor (77)
[2016.01.31-23.43.07:448][272]LogModuleManager: Shutting down and abandoning module FunctionalTesting (76)
[2016.01.31-23.43.07:448][272]LogModuleManager: Shutting down and abandoning module CollisionAnalyzer (75)
[2016.01.31-23.43.07:448][272]LogModuleManager: Shutting down and abandoning module WorkspaceMenuStructure (74)
[2016.01.31-23.43.07:448][272]LogModuleManager: Shutting down and abandoning module MessageLog (73)
[2016.01.31-23.43.07:448][272]LogModuleManager: Shutting down and abandoning module Sequencer (72)
[2016.01.31-23.43.07:448][272]LogModuleManager: Shutting down and abandoning module AssetTools (71)
[2016.01.31-23.43.07:448][272]LogModuleManager: Shutting down and abandoning module UMGEditor (70)
[2016.01.31-23.43.07:449][272]LogModuleManager: Shutting down and abandoning module UMG (69)
[2016.01.31-23.43.07:449][272]LogModuleManager: Shutting down and abandoning module Slate (68)
[2016.01.31-23.43.07:449][272]LogModuleManager: Shutting down and abandoning module EditorStyle (67)
[2016.01.31-23.43.07:450][272]LogModuleManager: Shutting down and abandoning module SessionServices (66)
[2016.01.31-23.43.07:450][272]LogModuleManager: Shutting down and abandoning module SourceCodeAccess (65)
[2016.01.31-23.43.07:450][272]LogModuleManager: Shutting down and abandoning module HeadMountedDisplay (64)
[2016.01.31-23.43.07:450][272]LogModuleManager: Shutting down and abandoning module XAudio2 (63)
[2016.01.31-23.43.07:450][272]LogModuleManager: Shutting down and abandoning module Networking (61)
[2016.01.31-23.43.07:450][272]LogModuleManager: Shutting down and abandoning module Core (60)
[2016.01.31-23.43.07:450][272]LogModuleManager: Shutting down and abandoning module KismetCompiler (59)
[2016.01.31-23.43.07:450][272]LogModuleManager: Shutting down and abandoning module PhysXFormats (58)
[2016.01.31-23.43.07:450][272]LogModuleManager: Shutting down and abandoning module MeshUtilities (57)
[2016.01.31-23.43.07:450][272]LogModuleManager: Shutting down and abandoning module DerivedDataCache (56)
[2016.01.31-23.43.07:507][272]LogDerivedDataCache: Shutdown
[2016.01.31-23.43.07:507][272]LogModuleManager: Shutting down and abandoning module ShaderFormatOpenGL (55)
[2016.01.31-23.43.07:507][272]LogModuleManager: Shutting down and abandoning module ShaderFormatD3D (54)
[2016.01.31-23.43.07:507][272]LogModuleManager: Shutting down and abandoning module MetalShaderFormat (53)
[2016.01.31-23.43.07:507][272]LogModuleManager: Shutting down and abandoning module TextureFormatUncompressed (52)
[2016.01.31-23.43.07:507][272]LogModuleManager: Shutting down and abandoning module TextureFormatPVR (51)
[2016.01.31-23.43.07:507][272]LogModuleManager: Shutting down and abandoning module TextureFormatIntelISPCTexComp (50)
[2016.01.31-23.43.07:507][272]LogModuleManager: Shutting down and abandoning module TextureFormatDXT (49)
[2016.01.31-23.43.07:507][272]LogModuleManager: Shutting down and abandoning module ImageWrapper (48)
[2016.01.31-23.43.07:507][272]LogModuleManager: Shutting down and abandoning module TextureFormatASTC (47)
[2016.01.31-23.43.07:507][272]LogModuleManager: Shutting down and abandoning module TextureFormatAndroid (46)
[2016.01.31-23.43.07:507][272]LogModuleManager: Shutting down and abandoning module AudioFormatOpus (45)
[2016.01.31-23.43.07:507][272]LogModuleManager: Shutting down and abandoning module AudioFormatOgg (44)
[2016.01.31-23.43.07:507][272]LogModuleManager: Shutting down and abandoning module AudioFormatADPCM (43)
[2016.01.31-23.43.07:507][272]LogModuleManager: Shutting down and abandoning module LinuxTargetPlatform (42)
[2016.01.31-23.43.07:507][272]LogModuleManager: Shutting down and abandoning module LinuxServerTargetPlatform (41)
[2016.01.31-23.43.07:507][272]LogModuleManager: Shutting down and abandoning module LinuxNoEditorTargetPlatform (40)
[2016.01.31-23.43.07:507][272]LogModuleManager: Shutting down and abandoning module Messaging (39)
[2016.01.31-23.43.07:507][272]LogModuleManager: Shutting down and abandoning module IOSTargetPlatform (38)
[2016.01.31-23.43.07:507][272]LogModuleManager: Shutting down and abandoning module HTML5TargetPlatform (37)
[2016.01.31-23.43.07:507][272]LogModuleManager: Shutting down and abandoning module Android_PVRTCTargetPlatform (36)
[2016.01.31-23.43.07:507][272]LogModuleManager: Shutting down and abandoning module Android_MultiTargetPlatform (35)
[2016.01.31-23.43.07:507][272]LogModuleManager: Shutting down and abandoning module Android_ETC2TargetPlatform (34)
[2016.01.31-23.43.07:507][272]LogModuleManager: Shutting down and abandoning module Android_ETC1TargetPlatform (33)
[2016.01.31-23.43.07:507][272]LogModuleManager: Shutting down and abandoning module Android_DXTTargetPlatform (32)
[2016.01.31-23.43.07:507][272]LogModuleManager: Shutting down and abandoning module Android_ATCTargetPlatform (31)
[2016.01.31-23.43.07:507][272]LogModuleManager: Shutting down and abandoning module Android_ASTCTargetPlatform (30)
[2016.01.31-23.43.07:507][272]LogModuleManager: Shutting down and abandoning module AndroidTargetPlatform (29)
[2016.01.31-23.43.07:507][272]LogModuleManager: Shutting down and abandoning module WindowsTargetPlatform (28)
[2016.01.31-23.43.07:507][272]LogModuleManager: Shutting down and abandoning module WindowsServerTargetPlatform (27)
[2016.01.31-23.43.07:507][272]LogModuleManager: Shutting down and abandoning module WindowsNoEditorTargetPlatform (26)
[2016.01.31-23.43.07:507][272]LogModuleManager: Shutting down and abandoning module WindowsClientTargetPlatform (25)
[2016.01.31-23.43.07:507][272]LogModuleManager: Shutting down and abandoning module AllDesktopTargetPlatform (24)
[2016.01.31-23.43.07:507][272]LogModuleManager: Shutting down and abandoning module TargetPlatform (23)
[2016.01.31-23.43.07:507][272]LogModuleManager: Shutting down and abandoning module InputCore (22)
[2016.01.31-23.43.07:507][272]LogModuleManager: Shutting down and abandoning module Settings (21)
[2016.01.31-23.43.07:507][272]LogModuleManager: Shutting down and abandoning module OnlineSubsystem (19)
[2016.01.31-23.43.07:507][272]LogModuleManager: Shutting down and abandoning module HTTP (18)
[2016.01.31-23.43.09:509][272]LogModuleManager: Shutting down and abandoning module XMPP (17)
[2016.01.31-23.43.09:509][272]LogModuleManager: Shutting down and abandoning module OculusRift (16)
[2016.01.31-23.43.09:509][272]LogModuleManager: Shutting down and abandoning module ExampleDeviceProfileSelector (15)
[2016.01.31-23.43.09:509][272]LogModuleManager: Shutting down and abandoning module TextureCompressor (14)
[2016.01.31-23.43.09:509][272]LogModuleManager: Shutting down and abandoning module ShaderCore (13)
[2016.01.31-23.43.09:509][272]LogModuleManager: Shutting down and abandoning module Landscape (12)
[2016.01.31-23.43.09:509][272]LogModuleManager: Shutting down and abandoning module SlateRHIRenderer (11)
[2016.01.31-23.43.09:510][272]LogModuleManager: Shutting down and abandoning module OpenGLDrv (10)
[2016.01.31-23.43.09:511][272]LogModuleManager: Shutting down and abandoning module D3D11RHI (9)
[2016.01.31-23.43.09:511][272]LogModuleManager: Shutting down and abandoning module AnimGraphRuntime (8)
[2016.01.31-23.43.09:511][272]LogModuleManager: Shutting down and abandoning module Renderer (7)
[2016.01.31-23.43.09:511][272]LogModuleManager: Shutting down and abandoning module Engine (6)
[2016.01.31-23.43.09:511][272]LogModuleManager: Shutting down and abandoning module CoreUObject (5)
[2016.01.31-23.43.09:511][272]LogModuleManager: Shutting down and abandoning module NetworkFile (4)
[2016.01.31-23.43.09:511][272]LogModuleManager: Shutting down and abandoning module StreamingFile (3)
[2016.01.31-23.43.09:511][272]LogModuleManager: Shutting down and abandoning module SandboxFile (2)
[2016.01.31-23.43.09:511][272]LogModuleManager: Shutting down and abandoning module PakFile (1)
[2016.01.31-23.43.09:512][272]LogExit: Exiting.
[2016.01.31-23.43.09:513][272]Log file closed, 01/31/16 17:43:09
