[2016.01.31-23.04.07:020][  0]Log file open, 01/31/16 17:04:07
[2016.01.31-23.04.07:020][  0]LogInit:Display: Running engine for game: HauntedPunchHouse
[2016.01.31-23.04.07:020][  0]LogPlatformFile: Not using cached read wrapper
[2016.01.31-23.04.07:020][  0]LogInit:Display: RandInit(1635041703) SRandInit(1635041704).
[2016.01.31-23.04.07:020][  0]LogTaskGraph: Started task graph with 4 named threads and 5 total threads.
[2016.01.31-23.04.07:020][  0]LogStats: Stats thread started at 0.052498
[2016.01.31-23.04.07:020][  0]LogInit: Version: 4.10.2-2818068+++depot+UE4-Releases+4.10
[2016.01.31-23.04.07:020][  0]LogInit: API Version: 2758231
[2016.01.31-23.04.07:020][  0]LogInit: Compiled (64-bit): Jan  6 2016 17:36:42
[2016.01.31-23.04.07:020][  0]LogInit: Compiled with Visual C++: 19.00.23026.00
[2016.01.31-23.04.07:020][  0]LogInit: Build Configuration: Development
[2016.01.31-23.04.07:020][  0]LogInit: Branch Name: ++depot+UE4-Releases+4.10
[2016.01.31-23.04.07:020][  0]LogInit: Command line:  
[2016.01.31-23.04.07:020][  0]LogInit: Base directory: D:/Student Data/My Programs/Epic Games/4.10/Engine/Binaries/Win64/
[2016.01.31-23.04.07:020][  0]LogInit: Rocket: 1
[2016.01.31-23.04.07:025][  0]LogInit: Using libcurl 7.41.0
[2016.01.31-23.04.07:025][  0]LogInit:  - built for x86_64-pc-win32
[2016.01.31-23.04.07:025][  0]LogInit:  - supports SSL with WinSSL
[2016.01.31-23.04.07:025][  0]LogInit:  - other features:
[2016.01.31-23.04.07:025][  0]LogInit:      CURL_VERSION_SSL
[2016.01.31-23.04.07:025][  0]LogInit:      CURL_VERSION_IPV6
[2016.01.31-23.04.07:025][  0]LogInit:      CURL_VERSION_ASYNCHDNS
[2016.01.31-23.04.07:025][  0]LogInit:      CURL_VERSION_LARGEFILE
[2016.01.31-23.04.07:025][  0]LogInit:      CURL_VERSION_IDN
[2016.01.31-23.04.07:025][  0]LogInit:  CurlRequestOptions (configurable via config and command line):
[2016.01.31-23.04.07:025][  0]LogInit:  - bVerifyPeer = true  - Libcurl will verify peer certificate
[2016.01.31-23.04.07:025][  0]LogInit:  - bUseHttpProxy = false  - Libcurl will NOT use HTTP proxy
[2016.01.31-23.04.07:025][  0]LogInit:  - bDontReuseConnections = false  - Libcurl will reuse connections
[2016.01.31-23.04.07:025][  0]LogInit:  - CertBundlePath = nullptr  - Libcurl will use whatever was configured at build time.
[2016.01.31-23.04.07:031][  0]LogInit: Presizing for 0 objects not considered by GC, pre-allocating 0 bytes.
[2016.01.31-23.04.07:037][  0]LogInit: Object subsystem initialized
[2016.01.31-23.04.07:038][  0]LogInit: Selected Device Profile: [Windows]
[2016.01.31-23.04.07:038][  0]LogInit: Applying CVar settings loaded from the selected device profile: [Windows]
[2016.01.31-23.04.07:055][  0]LogInit: Computer: C-5820B173ED7A
[2016.01.31-23.04.07:055][  0]LogInit: User: Patrick
[2016.01.31-23.04.07:055][  0]LogInit: CPU Page size=4096, Cores=2
[2016.01.31-23.04.07:055][  0]LogInit: High frequency timer resolution =2.143472 MHz
[2016.01.31-23.04.07:055][  0]LogMemory: Memory total: Physical=7.9GB (8GB approx)
[2016.01.31-23.04.07:055][  0]LogMemory: Platform Memory Stats for Windows
[2016.01.31-23.04.07:055][  0]LogMemory: Process Physical Memory: 55.78 MB used, 55.78 MB peak
[2016.01.31-23.04.07:055][  0]LogMemory: Process Virtual Memory: 57.56 MB used, 57.56 MB peak
[2016.01.31-23.04.07:055][  0]LogMemory: Physical Memory: 3422.21 MB used, 8067.11 MB total
[2016.01.31-23.04.07:055][  0]LogMemory: Virtual Memory: 382.73 MB used, 134217728.00 MB total
[2016.01.31-23.04.07:109][  0]LogTextLocalizationManager: No specific translations for ('en-US') exist, so ('en') translations will be used.
[2016.01.31-23.04.07:598][  0]LogD3D11RHI: Found D3D11 adapter 0: Intel(R) HD Graphics 5500 (Feature Level 11_0)
[2016.01.31-23.04.07:599][  0]LogD3D11RHI: Adapter has 128MB of dedicated video memory, 0MB of dedicated system memory, and 4033MB of shared system memory, 1 output[s]
[2016.01.31-23.04.08:208][  0]LogD3D11RHI: Found D3D11 adapter 1: AMD Radeon R7 M260X (Feature Level 11_0)
[2016.01.31-23.04.08:208][  0]LogD3D11RHI: Adapter has 1003MB of dedicated video memory, 0MB of dedicated system memory, and 4033MB of shared system memory, 0 output[s]
[2016.01.31-23.04.08:209][  0]LogD3D11RHI: Found D3D11 adapter 2: Microsoft Basic Render Driver (Feature Level 11_0)
[2016.01.31-23.04.08:209][  0]LogD3D11RHI: Adapter has 0MB of dedicated video memory, 0MB of dedicated system memory, and 4033MB of shared system memory, 0 output[s]
[2016.01.31-23.04.08:209][  0]LogD3D11RHI: Chosen D3D11 Adapter Id = 0
[2016.01.31-23.04.08:215][  0]LogD3D11RHI: !Direct3DDevice
[2016.01.31-23.04.08:215][  0]LogRHI: Texture pool is 1361 MB (70% of 1945 MB)
[2016.01.31-23.04.08:219][  0]LogD3D11RHI: Async texture creation enabled
[2016.01.31-23.04.08:224][  0]LogShaderCompilers: Guid format shader working directory is -6 characters bigger than the processId version (../../../../../../Documents/GitHub/Haunted-Punch-House/Intermediate/Shaders/WorkingDirectory/6172/).
[2016.01.31-23.04.08:224][  0]LogShaderCompilers: Cleaned the shader compiler working directory 'C:/Users/Student/AppData/Local/Temp/UnrealShaderWorkingDir/734C373D4EBEABD18CA8DC92B9C71FA4/'.
[2016.01.31-23.04.08:224][  0]LogShaderCompilers:Display: Using Local Shader Compiler.
[2016.01.31-23.04.09:826][  0]LogTemp:Display: Loaded TP AllDesktopTargetPlatform
[2016.01.31-23.04.09:831][  0]LogTemp:Display: Loaded TP WindowsClientTargetPlatform
[2016.01.31-23.04.09:835][  0]LogTemp:Display: Loaded TP WindowsNoEditorTargetPlatform
[2016.01.31-23.04.09:840][  0]LogTemp:Display: Loaded TP WindowsServerTargetPlatform
[2016.01.31-23.04.09:844][  0]LogTemp:Display: Loaded TP WindowsTargetPlatform
[2016.01.31-23.04.09:849][  0]LogTemp:Display: Loaded TP AndroidTargetPlatform
[2016.01.31-23.04.09:852][  0]LogTemp:Display: Loaded TP Android_ASTCTargetPlatform
[2016.01.31-23.04.09:855][  0]LogTemp:Display: Loaded TP Android_ATCTargetPlatform
[2016.01.31-23.04.09:859][  0]LogTemp:Display: Loaded TP Android_DXTTargetPlatform
[2016.01.31-23.04.09:862][  0]LogTemp:Display: Loaded TP Android_ETC1TargetPlatform
[2016.01.31-23.04.09:865][  0]LogTemp:Display: Loaded TP Android_ETC2TargetPlatform
[2016.01.31-23.04.09:871][  0]LogTemp:Display: Loaded TP Android_MultiTargetPlatform
[2016.01.31-23.04.09:871][  0]LogTemp:Display: Loaded TP Android_PVRTCTargetPlatform
[2016.01.31-23.04.09:872][  0]LogTemp:Display: Loaded TP HTML5TargetPlatform
[2016.01.31-23.04.09:999][  0]LogTemp:Display: Loaded TP IOSTargetPlatform
[2016.01.31-23.04.10:002][  0]LogTemp:Display: Loaded TP LinuxNoEditorTargetPlatform
[2016.01.31-23.04.10:006][  0]LogTemp:Display: Loaded TP LinuxServerTargetPlatform
[2016.01.31-23.04.10:013][  0]LogTemp:Display: Loaded TP LinuxTargetPlatform
[2016.01.31-23.04.10:013][  0]LogTargetPlatformManager:Display: Building Assets For Windows
[2016.01.31-23.04.10:079][  0]LogDerivedDataCache:Display: Max Cache Size: 512 MB
[2016.01.31-23.04.10:142][  0]LogDerivedDataCache: Loaded boot cache 0.06s 41MB C:/Users/Student/AppData/Local/UnrealEngine/4.10/DerivedDataCache/Boot.ddc.
[2016.01.31-23.04.10:142][  0]LogDerivedDataCache:Display: Loaded Boot cache: C:/Users/Student/AppData/Local/UnrealEngine/4.10/DerivedDataCache/Boot.ddc
[2016.01.31-23.04.10:142][  0]LogDerivedDataCache: FDerivedDataBackendGraph:  Pak pak cache file ../../../../../../Documents/GitHub/Haunted-Punch-House/DerivedDataCache/DDC.ddp not found, will not use a pak cache.
[2016.01.31-23.04.10:142][  0]LogDerivedDataCache: Unable to find inner node Pak for hierarchical cache Hierarchy.
[2016.01.31-23.04.10:142][  0]LogDerivedDataCache: FDerivedDataBackendGraph:  CompressedPak pak cache file ../../../../../../Documents/GitHub/Haunted-Punch-House/DerivedDataCache/Compressed.ddp not found, will not use a pak cache.
[2016.01.31-23.04.10:142][  0]LogDerivedDataCache: Unable to find inner node CompressedPak for hierarchical cache Hierarchy.
[2016.01.31-23.04.10:206][  0]LogDerivedDataCache:Display: Pak cache opened for reading ../../../Engine/DerivedDataCache/Compressed.ddp.
[2016.01.31-23.04.10:218][  0]LogDerivedDataCache: Using Local data cache path C:/Users/Student/AppData/Local/UnrealEngine/Common/DerivedDataCache: Writable
[2016.01.31-23.04.10:397][  0]LogInit: Selected Device Profile: [Windows]
[2016.01.31-23.04.10:400][  0]LogContentStreaming: Texture pool size is 0.000000MB
[2016.01.31-23.04.10:512][  0]LogMeshUtilities: No automatic mesh reduction module available
[2016.01.31-23.04.10:512][  0]LogMeshUtilities: No automatic mesh merging module available
[2016.01.31-23.04.10:860][  0]LogInit: WinSock: version 1.1 (2.2), MaxSocks=32767, MaxUdp=65467
[2016.01.31-23.04.14:924][  0]UdpMessaging: Initializing bridge on interface 0.0.0.0:0 to multicast group 230.0.0.1:6666.
[2016.01.31-23.04.15:087][  0]LogAssetRegistry: FAssetRegistry took 0.0113 seconds to start up
[2016.01.31-23.04.15:288][  0]SourceControl: Info Source control is disabled
[2016.01.31-23.04.15:289][  0]SourceControl: Info Source control is disabled
[2016.01.31-23.04.15:300][  0]SourceControl: Info Source control is disabled
[2016.01.31-23.04.15:311][  0]SourceControl: Info Source control is disabled
[2016.01.31-23.04.15:612][  0]LogObj: 28633 objects as part of root set at end of initial load.
[2016.01.31-23.04.15:612][  0]LogUObjectAllocator: 6099744 out of 0 bytes used by permanent object pool.
[2016.01.31-23.04.15:684][  0]LogEngine: Initializing Engine...
[2016.01.31-23.04.15:687][  0]LogHMD: Can't find Oculus library dev build: is proper Runtime installed? Version: 0.8.0.0
[2016.01.31-23.04.15:687][  0]LogHMD: SteamVR failed to initialize.  Err: 110
[2016.01.31-23.04.15:820][  0]LogAIModule: Creating AISystem for world NewWorld
[2016.01.31-23.04.15:824][  0]LogInit: XAudio2 using 'Speakers/Headphones (Realtek High Definition Audio)' : 2 channels at 48 kHz using 32 bits per sample (channel mask 0x3)
[2016.01.31-23.04.16:086][  0]LogInit: FAudioDevice initialized.
[2016.01.31-23.04.16:115][  0]LogDerivedDataCache: Saved boot cache 0.03s 41MB C:/Users/Student/AppData/Local/UnrealEngine/4.10/DerivedDataCache/Boot.ddc.
[2016.01.31-23.04.16:121][  0]LogInit: Texture streaming: Enabled
[2016.01.31-23.04.16:125][  0]LogAnalytics: Creating configured Analytics provider AnalyticsET
[2016.01.31-23.04.16:125][  0]LogAnalytics: [UEEditor.Rocket.Release] APIServer = http://et2.epicgames.com/ET2/. AppVersion = 4.10.2-2818068+++depot+UE4-Releases+4.10
[2016.01.31-23.04.16:125][  0]LogAnalytics: [UEEditor.Rocket.Release] SetUserId c6e9426d40c3b6b6523f2fbbe6b659f3|ad566b4d291d47d9a4654a9438cd3aeb|76f780ed-daf0-401c-9ba3-dae71ad2bf29
[2016.01.31-23.04.16:125][  0]LogAnalytics: [UEEditor.Rocket.Release] AnalyticsET::StartSession
[2016.01.31-23.04.16:204][  0]LogInit: Transaction tracking system initialized
[2016.01.31-23.04.16:229][  0]BlueprintLog: New page: Editor Load
[2016.01.31-23.04.16:426][  0]LocalizationService: Info Localization service is disabled
[2016.01.31-23.04.18:400][  0]LogConsoleResponse:Display: 
[2016.01.31-23.04.18:548][  0]LogCook:Display: Done creating registry. It took  0.00s.
[2016.01.31-23.04.18:755][  0]LogFileCache: Scanning file cache for directory 'D:/Student Data/Documents/GitHub/Haunted-Punch-House/Content/' took 0.01s
[2016.01.31-23.04.18:755][  0]SourceControl: Info Source control is disabled
[2016.01.31-23.04.18:755][  0]Cmd: MAP LOAD FILE="../../../../../../Documents/GitHub/Haunted-Punch-House/Content/TopDownBP/Maps/TopDownExampleMap.umap" TEMPLATE=0 SHOWPROGRESS=1 FEATURELEVEL=3
[2016.01.31-23.04.18:755][  0]LightingResults: New page: Lighting Build
[2016.01.31-23.04.18:759][  0]MapCheck: New page: Map Check
[2016.01.31-23.04.18:759][  0]LightingResults: New page: Lighting Build
[2016.01.31-23.04.18:782][  0]LogParticles: Destroying 0 GPU particle simulations for FXSystem 0x0000023FC9856160
[2016.01.31-23.04.19:172][  0]LogTexture:Display: Building textures: a_wahler_pc_punch_v1 (BGRA8)
[2016.01.31-23.04.19:346][  0]LogAIModule: Creating AISystem for world TopDownExampleMap
[2016.01.31-23.04.19:355][  0]LogEditorServer: Finished looking for orphan Actors (0.000 secs)
[2016.01.31-23.04.19:356][  0]Cmd: MAP CHECKDEP NOCLEARLOG
[2016.01.31-23.04.19:407][  0]MapCheck: Info Map check complete: 0 Error(s), 0 Warning(s), took 50.786ms to complete.
[2016.01.31-23.04.19:407][  0]LogFileHelpers: Loading map 'TopDownExampleMap' took 0.652
[2016.01.31-23.04.19:565][  0]LogCollectionManager: Loaded 0 collections in 0.001925 seconds
[2016.01.31-23.04.19:607][  0]LogFileCache: Scanning file cache for directory 'D:/Student Data/Documents/GitHub/Haunted-Punch-House/Saved/Collections/' took 0.01s
[2016.01.31-23.04.19:607][  0]LogFileCache: Scanning file cache for directory 'D:/Student Data/Documents/GitHub/Haunted-Punch-House/Content/Developers/Patrick/Collections/' took 0.01s
[2016.01.31-23.04.19:607][  0]LogFileCache: Scanning file cache for directory 'D:/Student Data/Documents/GitHub/Haunted-Punch-House/Content/Collections/' took 0.01s
[2016.01.31-23.04.19:607][  0]LogCollectionManager: Rebuilt the GUID cache for 0 collections in 0.000002 seconds
[2016.01.31-23.04.19:618][  0]LogContentBrowser: Native class hierarchy populated in 0.0106 seconds. Added 1893 classes and 338 folders.
[2016.01.31-23.04.19:624][  0]LogContentBrowser: Native class hierarchy updated for 'WidgetCarousel' in 0.0004 seconds. Added 0 classes and 0 folders.
[2016.01.31-23.04.20:759][  0]LogContentBrowser: Native class hierarchy updated for 'AddContentDialog' in 0.0007 seconds. Added 0 classes and 0 folders.
[2016.01.31-23.04.20:765][  0]LogContentBrowser: Native class hierarchy updated for 'SceneOutliner' in 0.0008 seconds. Added 1 classes and 2 folders.
[2016.01.31-23.04.20:834][  0]LogCrashTracker: Crashtracker disabled due to settings.
[2016.01.31-23.04.20:839][  0]LogUObjectGlobals:Warning: Failed to find object 'Class None.'
[2016.01.31-23.04.20:862][  0]LogLoad: Full Startup: 14.42 seconds (BP compile: 0.25 seconds)
[2016.01.31-23.04.20:884][  0]LogOcInput: Can't find Oculus library dev build: is proper Runtime installed? Version: 0.8.0.0
[2016.01.31-23.04.21:063][  0]LogContentStreaming: Texture pool size now 400 MB
[2016.01.31-23.04.21:224][  0]LogRenderer: Reallocating scene render targets to support 1008x456 (Frame:2).
[2016.01.31-23.04.21:782][  5]LogAssetRegistry: Asset discovery search completed in 6.7064 seconds
[2016.01.31-23.04.21:782][  5]LogCollectionManager: Rebuilt the object cache for 0 collections in 0.000001 seconds (found 0 objects)
[2016.01.31-23.04.21:782][  5]LogCollectionManager: Fixed up redirectors for 0 collections in 0.000039 seconds (updated 0 objects)
[2016.01.31-23.04.25:783][135]LogBlueprintUserMessages: Early PlayInEditor Detection: Level '/Game/TopDownBP/Maps/TopDownExampleMap.TopDownExampleMap:PersistentLevel' has LevelScriptBlueprint '/Game/TopDownBP/Maps/TopDownExampleMap.TopDownExampleMap:PersistentLevel.TopDownExampleMap' with GeneratedClass '/Game/TopDownBP/Maps/TopDownExampleMap.TopDownExampleMap_C' with ClassGeneratedBy '/Game/TopDownBP/Maps/TopDownExampleMap.TopDownExampleMap:PersistentLevel.TopDownExampleMap'
[2016.01.31-23.04.25:783][135]LogPlayLevel: PlayLevel: No blueprints needed recompiling
[2016.01.31-23.04.25:784][135]PIE: New page: PIE session: TopDownExampleMap (Jan 31, 2016, 11:04:25 AM)
[2016.01.31-23.04.25:784][135]LogPlayLevel: Creating play world package: /Game/TopDownBP/Maps/UEDPIE_0_TopDownExampleMap
[2016.01.31-23.04.25:832][135]LogPlayLevel: PIE: StaticDuplicateObject took: (0.047523s)
[2016.01.31-23.04.25:833][135]LogAIModule: Creating AISystem for world TopDownExampleMap
[2016.01.31-23.04.25:833][135]LogPlayLevel: PIE: World Init took: (0.001375s)
[2016.01.31-23.04.25:833][135]LogPlayLevel: PIE: Created PIE world by copying editor world from /Game/TopDownBP/Maps/TopDownExampleMap.TopDownExampleMap to /Game/TopDownBP/Maps/UEDPIE_0_TopDownExampleMap.TopDownExampleMap (0.049253s)
[2016.01.31-23.04.25:904][135]LogInit: XAudio2 using 'Speakers/Headphones (Realtek High Definition Audio)' : 2 channels at 48 kHz using 32 bits per sample (channel mask 0x3)
[2016.01.31-23.04.25:924][135]LogInit: FAudioDevice initialized.
[2016.01.31-23.04.25:978][135]LogWorld: Game class is 'TopDownGameMode_C'
[2016.01.31-23.04.25:984][135]LogWorld: Bringing World /Game/TopDownBP/Maps/UEDPIE_0_TopDownExampleMap.TopDownExampleMap up for play (max tick rate 60) at 2016.01.31-17.04.25
[2016.01.31-23.04.25:984][135]LogActor:Warning: GameSession /Game/TopDownBP/Maps/UEDPIE_0_TopDownExampleMap.TopDownExampleMap:PersistentLevel.GameSession_0 has natively added scene component(s), but none of them were set as the actor's RootComponent - picking one arbitrarily
[2016.01.31-23.04.25:984][135]LogActor:Warning: GameNetworkManager /Game/TopDownBP/Maps/UEDPIE_0_TopDownExampleMap.TopDownExampleMap:PersistentLevel.GameNetworkManager_0 has natively added scene component(s), but none of them were set as the actor's RootComponent - picking one arbitrarily
[2016.01.31-23.04.25:984][135]LogWorld: Bringing up level for play took: 0.005922
[2016.01.31-23.04.25:988][135]PIE: Info Play in editor start time for /Game/TopDownBP/Maps/UEDPIE_0_TopDownExampleMap -0.614
[2016.01.31-23.04.25:988][135]LogBlueprintUserMessages: Late PlayInEditor Detection: Level '/Game/TopDownBP/Maps/TopDownExampleMap.TopDownExampleMap:PersistentLevel' has LevelScriptBlueprint '/Game/TopDownBP/Maps/TopDownExampleMap.TopDownExampleMap:PersistentLevel.TopDownExampleMap' with GeneratedClass '/Game/TopDownBP/Maps/TopDownExampleMap.TopDownExampleMap_C' with ClassGeneratedBy '/Game/TopDownBP/Maps/TopDownExampleMap.TopDownExampleMap:PersistentLevel.TopDownExampleMap'
[2016.01.31-23.04.40:924][854]LogWindowsTextInputMethodSystem:Display: IME system now deactivated.
[2016.01.31-23.04.41:089][854]LogBlueprintUserMessages: Early EndPlayMap Detection: Level '/Game/TopDownBP/Maps/TopDownExampleMap.TopDownExampleMap:PersistentLevel' has LevelScriptBlueprint '/Game/TopDownBP/Maps/TopDownExampleMap.TopDownExampleMap:PersistentLevel.TopDownExampleMap' with GeneratedClass '/Game/TopDownBP/Maps/TopDownExampleMap.TopDownExampleMap_C' with ClassGeneratedBy '/Game/TopDownBP/Maps/TopDownExampleMap.TopDownExampleMap:PersistentLevel.TopDownExampleMap'
[2016.01.31-23.04.41:125][854]LogBlueprintUserMessages: Late EndPlayMap Detection: Level '/Game/TopDownBP/Maps/TopDownExampleMap.TopDownExampleMap:PersistentLevel' has LevelScriptBlueprint '/Game/TopDownBP/Maps/TopDownExampleMap.TopDownExampleMap:PersistentLevel.TopDownExampleMap' with GeneratedClass '/Game/TopDownBP/Maps/TopDownExampleMap.TopDownExampleMap_C' with ClassGeneratedBy '/Game/TopDownBP/Maps/TopDownExampleMap.TopDownExampleMap:PersistentLevel.TopDownExampleMap'
[2016.01.31-23.04.41:168][854]LogParticles: Destroying 0 GPU particle simulations for FXSystem 0x0000023FDDC24E00
[2016.01.31-23.04.41:305][855]Cmd: QUIT_EDITOR
[2016.01.31-23.04.42:454][855]LogExit: Preparing to exit.
[2016.01.31-23.04.43:086][855]LogExit: Editor shut down
[2016.01.31-23.04.43:086][855]LogExit: Transaction tracking system shut down
[2016.01.31-23.04.43:089][855]LogParticles: Destroying 0 GPU particle simulations for FXSystem 0x0000023FBBD97740
[2016.01.31-23.04.43:089][855]LogParticles: Destroying 0 GPU particle simulations for FXSystem 0x0000023FD0DB3880
[2016.01.31-23.04.43:089][855]LogParticles: Destroying 0 GPU particle simulations for FXSystem 0x0000023FD0C9C720
[2016.01.31-23.04.43:231][855]LogExit: Object subsystem successfully closed.
[2016.01.31-23.04.43:249][855]LogD3D11RHI: Shutdown
[2016.01.31-23.04.43:249][855]LogD3D11RHI: CleanupD3DDevice
[2016.01.31-23.04.43:323][855]LogD3D11RHI: ~FD3D11DynamicRHI
[2016.01.31-23.04.43:335][855]LogModuleManager: Shutting down and abandoning module CrashTracker (198)
[2016.01.31-23.04.43:336][855]LogModuleManager: Shutting down and abandoning module SceneOutliner (197)
[2016.01.31-23.04.43:336][855]LogModuleManager: Shutting down and abandoning module SuperSearch (196)
[2016.01.31-23.04.43:336][855]LogModuleManager: Shutting down and abandoning module WidgetCarousel (195)
[2016.01.31-23.04.43:336][855]LogModuleManager: Shutting down and abandoning module AddContentDialog (194)
[2016.01.31-23.04.43:337][855]LogModuleManager: Shutting down and abandoning module EditorWidgets (193)
[2016.01.31-23.04.43:337][855]LogModuleManager: Shutting down and abandoning module CollectionManager (192)
[2016.01.31-23.04.43:337][855]LogModuleManager: Shutting down and abandoning module StatsViewer (191)
[2016.01.31-23.04.43:337][855]LogModuleManager: Shutting down and abandoning module FoliageEdit (190)
[2016.01.31-23.04.43:337][855]LogModuleManager: Shutting down and abandoning module LandscapeEditor (189)
[2016.01.31-23.04.43:337][855]LogModuleManager: Shutting down and abandoning module ActorPickerMode (188)
[2016.01.31-23.04.43:337][855]LogModuleManager: Shutting down and abandoning module GeometryMode (187)
[2016.01.31-23.04.43:337][855]LogModuleManager: Shutting down and abandoning module TextureAlignMode (186)
[2016.01.31-23.04.43:337][855]LogModuleManager: Shutting down and abandoning module BspMode (185)
[2016.01.31-23.04.43:337][855]LogModuleManager: Shutting down and abandoning module PlacementMode (184)
[2016.01.31-23.04.43:337][855]LogModuleManager: Shutting down and abandoning module AutomationWorker (183)
[2016.01.31-23.04.43:337][855]LogModuleManager: Shutting down and abandoning module CharacterAI (182)
[2016.01.31-23.04.43:337][855]LogModuleManager: Shutting down and abandoning module SmartSnapping (181)
[2016.01.31-23.04.43:338][855]LogModuleManager: Shutting down and abandoning module ViewportSnapping (180)
[2016.01.31-23.04.43:338][855]LogModuleManager: Shutting down and abandoning module LogVisualizer (179)
[2016.01.31-23.04.43:338][855]LogModuleManager: Shutting down and abandoning module GameProjectGeneration (178)
[2016.01.31-23.04.43:338][855]LogModuleManager: Shutting down and abandoning module IntroTutorials (177)
[2016.01.31-23.04.43:338][855]LogModuleManager: Shutting down and abandoning module EditorLiveStreaming (176)
[2016.01.31-23.04.43:338][855]LogModuleManager: Shutting down and abandoning module IOSPlatformEditor (175)
[2016.01.31-23.04.43:338][855]LogModuleManager: Shutting down and abandoning module HTML5PlatformEditor (174)
[2016.01.31-23.04.43:338][855]LogModuleManager: Shutting down and abandoning module AndroidDeviceDetection (173)
[2016.01.31-23.04.44:011][855]LogModuleManager: Shutting down and abandoning module AndroidPlatformEditor (172)
[2016.01.31-23.04.44:012][855]LogModuleManager: Shutting down and abandoning module IOSRuntimeSettings (171)
[2016.01.31-23.04.44:012][855]LogModuleManager: Shutting down and abandoning module AndroidRuntimeSettings (170)
[2016.01.31-23.04.44:012][855]LogModuleManager: Shutting down and abandoning module MergeActors (169)
[2016.01.31-23.04.44:012][855]LogModuleManager: Shutting down and abandoning module SizeMap (168)
[2016.01.31-23.04.44:012][855]LogModuleManager: Shutting down and abandoning module TreeMap (167)
[2016.01.31-23.04.44:012][855]LogModuleManager: Shutting down and abandoning module ReferenceViewer (166)
[2016.01.31-23.04.44:012][855]LogModuleManager: Shutting down and abandoning module LocalizationService (165)
[2016.01.31-23.04.44:012][855]LogModuleManager: Shutting down and abandoning module LocalizationDashboard (164)
[2016.01.31-23.04.44:012][855]LogModuleManager: Shutting down and abandoning module HardwareTargeting (163)
[2016.01.31-23.04.44:012][855]LogModuleManager: Shutting down and abandoning module DeviceProfileEditor (162)
[2016.01.31-23.04.44:012][855]LogModuleManager: Shutting down and abandoning module UndoHistory (161)
[2016.01.31-23.04.44:012][855]LogModuleManager: Shutting down and abandoning module GameplayTagsEditor (160)
[2016.01.31-23.04.44:012][855]LogModuleManager: Shutting down and abandoning module UserFeedback (159)
[2016.01.31-23.04.44:012][855]LogModuleManager: Shutting down and abandoning module XmlParser (158)
[2016.01.31-23.04.44:012][855]LogModuleManager: Shutting down and abandoning module Blutility (157)
[2016.01.31-23.04.44:012][855]LogModuleManager: Shutting down and abandoning module ProjectTargetPlatformEditor (156)
[2016.01.31-23.04.44:012][855]LogModuleManager: Shutting down and abandoning module ProjectSettingsViewer (155)
[2016.01.31-23.04.44:012][855]LogModuleManager: Shutting down and abandoning module InputBindingEditor (154)
[2016.01.31-23.04.44:013][855]LogModuleManager: Shutting down and abandoning module EditorSettingsViewer (153)
[2016.01.31-23.04.44:013][855]LogModuleManager: Shutting down and abandoning module SettingsEditor (152)
[2016.01.31-23.04.44:013][855]LogModuleManager: Shutting down and abandoning module ProjectLauncher (151)
[2016.01.31-23.04.44:013][855]LogModuleManager: Shutting down and abandoning module SessionFrontend (150)
[2016.01.31-23.04.44:013][855]LogModuleManager: Shutting down and abandoning module ProfilerClient (149)
[2016.01.31-23.04.44:013][855]LogModuleManager: Shutting down and abandoning module TargetDeviceServices (148)
[2016.01.31-23.04.44:013][855]LogModuleManager: Shutting down and abandoning module DeviceManager (147)
[2016.01.31-23.04.44:013][855]LogModuleManager: Shutting down and abandoning module AutomationController (146)
[2016.01.31-23.04.44:013][855]LogModuleManager: Shutting down and abandoning module AutomationWindow (145)
[2016.01.31-23.04.44:013][855]LogModuleManager: Shutting down and abandoning module Layers (144)
[2016.01.31-23.04.44:014][855]LogModuleManager: Shutting down and abandoning module ComponentVisualizers (143)
[2016.01.31-23.04.44:014][855]LogModuleManager: Shutting down and abandoning module DetailCustomizations (142)
[2016.01.31-23.04.44:014][855]LogModuleManager: Shutting down and abandoning module PackagesDialog (141)
[2016.01.31-23.04.44:014][855]LogModuleManager: Shutting down and abandoning module Persona (140)
[2016.01.31-23.04.44:014][855]LogModuleManager: Shutting down and abandoning module Kismet (139)
[2016.01.31-23.04.44:014][855]LogModuleManager: Shutting down and abandoning module GraphEditor (138)
[2016.01.31-23.04.44:014][855]LogModuleManager: Shutting down and abandoning module ClassViewer (137)
[2016.01.31-23.04.44:014][855]LogModuleManager: Shutting down and abandoning module Toolbox (136)
[2016.01.31-23.04.44:014][855]LogModuleManager: Shutting down and abandoning module ModuleUI (135)
[2016.01.31-23.04.44:014][855]LogModuleManager: Shutting down and abandoning module MovieSceneTools (134)
[2016.01.31-23.04.44:014][855]LogModuleManager: Shutting down and abandoning module OutputLog (133)
[2016.01.31-23.04.44:014][855]LogModuleManager: Shutting down and abandoning module GammaUI (132)
[2016.01.31-23.04.44:014][855]LogModuleManager: Shutting down and abandoning module Documentation (131)
[2016.01.31-23.04.44:014][855]LogModuleManager: Shutting down and abandoning module GameLiveStreaming (130)
[2016.01.31-23.04.44:015][855]LogModuleManager: Shutting down and abandoning module StreamingPauseRendering (129)
[2016.01.31-23.04.44:015][855]LogModuleManager: Shutting down and abandoning module AnalyticsET (128)
[2016.01.31-23.04.44:015][855]LogModuleManager: Shutting down and abandoning module Analytics (127)
[2016.01.31-23.04.44:015][855]LogModuleManager: Shutting down and abandoning module AITestSuite (126)
[2016.01.31-23.04.44:015][855]LogModuleManager: Shutting down and abandoning module GameplayDebugger (125)
[2016.01.31-23.04.44:015][855]LogModuleManager: Shutting down and abandoning module AIModule (124)
[2016.01.31-23.04.44:015][855]LogModuleManager: Shutting down and abandoning module ProfilerService (123)
[2016.01.31-23.04.44:162][855]LogModuleManager: Shutting down and abandoning module TaskGraph (122)
[2016.01.31-23.04.44:163][855]LogModuleManager: Shutting down and abandoning module SlateRemote (121)
[2016.01.31-23.04.44:163][855]LogModuleManager: Shutting down and abandoning module SteamVRController (120)
[2016.01.31-23.04.44:163][855]LogModuleManager: Shutting down and abandoning module SteamVR (119)
[2016.01.31-23.04.44:163][855]LogModuleManager: Shutting down and abandoning module ProceduralMeshComponent (118)
[2016.01.31-23.04.44:163][855]LogModuleManager: Shutting down and abandoning module OculusLibrary (117)
[2016.01.31-23.04.44:163][855]LogModuleManager: Shutting down and abandoning module OculusInput (116)
[2016.01.31-23.04.44:163][855]LogModuleManager: Shutting down and abandoning module LeapMotionController (115)
[2016.01.31-23.04.44:210][855]LogModuleManager: Shutting down and abandoning module CustomMeshComponent (114)
[2016.01.31-23.04.44:210][855]LogModuleManager: Shutting down and abandoning module CableComponent (113)
[2016.01.31-23.04.44:211][855]LogModuleManager: Shutting down and abandoning module ArchVisCharacter (112)
[2016.01.31-23.04.44:211][855]LogModuleManager: Shutting down and abandoning module MessagingDebugger (111)
[2016.01.31-23.04.44:211][855]LogModuleManager: Shutting down and abandoning module MediaPlayerEditor (110)
[2016.01.31-23.04.44:211][855]LogModuleManager: Shutting down and abandoning module HTML5Networking (109)
[2016.01.31-23.04.44:211][855]LogModuleManager: Shutting down and abandoning module SpeedTreeImporter (108)
[2016.01.31-23.04.44:211][855]LogModuleManager: Shutting down and abandoning module PluginBrowser (107)
[2016.01.31-23.04.44:211][855]LogModuleManager: Shutting down and abandoning module EpicSurvey (106)
[2016.01.31-23.04.44:211][855]LogModuleManager: Shutting down and abandoning module DesktopPlatform (105)
[2016.01.31-23.04.44:211][855]LogModuleManager: Shutting down and abandoning module VisualStudioSourceCodeAccess (104)
[2016.01.31-23.04.44:211][855]LogModuleManager: Shutting down and abandoning module UObjectPlugin (103)
[2016.01.31-23.04.44:211][855]LogModuleManager: Shutting down and abandoning module SubversionSourceControl (102)
[2016.01.31-23.04.44:211][855]LogModuleManager: Shutting down and abandoning module PerforceSourceControl (101)
[2016.01.31-23.04.44:211][855]LogModuleManager: Shutting down and abandoning module SourceControl (100)
[2016.01.31-23.04.44:211][855]LogModuleManager: Shutting down and abandoning module GitSourceControl (99)
[2016.01.31-23.04.44:211][855]LogModuleManager: Shutting down and abandoning module LightPropagationVolumeEditor (98)
[2016.01.31-23.04.44:211][855]LogModuleManager: Shutting down and abandoning module PaperTiledImporter (97)
[2016.01.31-23.04.44:211][855]LogModuleManager: Shutting down and abandoning module PaperSpriteSheetImporter (96)
[2016.01.31-23.04.44:211][855]LogModuleManager: Shutting down and abandoning module MeshPaint (95)
[2016.01.31-23.04.44:211][855]LogModuleManager: Shutting down and abandoning module SlateReflector (94)
[2016.01.31-23.04.44:211][855]LogModuleManager: Shutting down and abandoning module HotReload (93)
[2016.01.31-23.04.44:211][855]LogModuleManager: Shutting down and abandoning module MainFrame (92)
[2016.01.31-23.04.44:211][855]LogModuleManager: Shutting down and abandoning module LevelEditor (91)
[2016.01.31-23.04.44:212][855]LogModuleManager: Shutting down and abandoning module DirectoryWatcher (90)
[2016.01.31-23.04.44:213][855]LogModuleManager: Shutting down and abandoning module AssetRegistry (89)
[2016.01.31-23.04.44:339][855]LogModuleManager: Shutting down and abandoning module ContentBrowser (88)
[2016.01.31-23.04.44:340][855]LogModuleManager: Shutting down and abandoning module Paper2DEditor (87)
[2016.01.31-23.04.44:340][855]LogModuleManager: Shutting down and abandoning module UdpMessaging (86)
[2016.01.31-23.04.44:442][855]LogModuleManager: Shutting down and abandoning module LightPropagationVolumeRuntime (85)
[2016.01.31-23.04.44:442][855]LogModuleManager: Shutting down and abandoning module Paper2D (84)
[2016.01.31-23.04.44:442][855]LogModuleManager: Shutting down and abandoning module WindowsMoviePlayer (83)
[2016.01.31-23.04.44:449][855]LogModuleManager: Shutting down and abandoning module Media (82)
[2016.01.31-23.04.44:449][855]LogModuleManager: Shutting down and abandoning module WmfMedia (81)
[2016.01.31-23.04.44:450][855]LogModuleManager: Shutting down and abandoning module OnlineBlueprintSupport (80)
[2016.01.31-23.04.44:450][855]LogModuleManager: Shutting down and abandoning module GameplayTasksEditor (79)
[2016.01.31-23.04.44:450][855]LogModuleManager: Shutting down and abandoning module PropertyEditor (78)
[2016.01.31-23.04.44:450][855]LogModuleManager: Shutting down and abandoning module BehaviorTreeEditor (77)
[2016.01.31-23.04.44:450][855]LogModuleManager: Shutting down and abandoning module FunctionalTesting (76)
[2016.01.31-23.04.44:450][855]LogModuleManager: Shutting down and abandoning module CollisionAnalyzer (75)
[2016.01.31-23.04.44:450][855]LogModuleManager: Shutting down and abandoning module WorkspaceMenuStructure (74)
[2016.01.31-23.04.44:450][855]LogModuleManager: Shutting down and abandoning module MessageLog (73)
[2016.01.31-23.04.44:450][855]LogModuleManager: Shutting down and abandoning module Sequencer (72)
[2016.01.31-23.04.44:451][855]LogModuleManager: Shutting down and abandoning module AssetTools (71)
[2016.01.31-23.04.44:451][855]LogModuleManager: Shutting down and abandoning module UMGEditor (70)
[2016.01.31-23.04.44:451][855]LogModuleManager: Shutting down and abandoning module UMG (69)
[2016.01.31-23.04.44:451][855]LogModuleManager: Shutting down and abandoning module Slate (68)
[2016.01.31-23.04.44:451][855]LogModuleManager: Shutting down and abandoning module EditorStyle (67)
[2016.01.31-23.04.44:456][855]LogModuleManager: Shutting down and abandoning module SessionServices (66)
[2016.01.31-23.04.44:456][855]LogModuleManager: Shutting down and abandoning module SourceCodeAccess (65)
[2016.01.31-23.04.44:456][855]LogModuleManager: Shutting down and abandoning module HeadMountedDisplay (64)
[2016.01.31-23.04.44:456][855]LogModuleManager: Shutting down and abandoning module XAudio2 (63)
[2016.01.31-23.04.44:457][855]LogModuleManager: Shutting down and abandoning module Networking (61)
[2016.01.31-23.04.44:457][855]LogModuleManager: Shutting down and abandoning module Core (60)
[2016.01.31-23.04.44:457][855]LogModuleManager: Shutting down and abandoning module KismetCompiler (59)
[2016.01.31-23.04.44:457][855]LogModuleManager: Shutting down and abandoning module PhysXFormats (58)
[2016.01.31-23.04.44:457][855]LogModuleManager: Shutting down and abandoning module MeshUtilities (57)
[2016.01.31-23.04.44:457][855]LogModuleManager: Shutting down and abandoning module DerivedDataCache (56)
[2016.01.31-23.04.44:738][855]LogDerivedDataCache: Shutdown
[2016.01.31-23.04.44:738][855]LogModuleManager: Shutting down and abandoning module ShaderFormatOpenGL (55)
[2016.01.31-23.04.44:738][855]LogModuleManager: Shutting down and abandoning module ShaderFormatD3D (54)
[2016.01.31-23.04.44:738][855]LogModuleManager: Shutting down and abandoning module MetalShaderFormat (53)
[2016.01.31-23.04.44:738][855]LogModuleManager: Shutting down and abandoning module TextureFormatUncompressed (52)
[2016.01.31-23.04.44:738][855]LogModuleManager: Shutting down and abandoning module TextureFormatPVR (51)
[2016.01.31-23.04.44:738][855]LogModuleManager: Shutting down and abandoning module TextureFormatIntelISPCTexComp (50)
[2016.01.31-23.04.44:738][855]LogModuleManager: Shutting down and abandoning module TextureFormatDXT (49)
[2016.01.31-23.04.44:738][855]LogModuleManager: Shutting down and abandoning module ImageWrapper (48)
[2016.01.31-23.04.44:738][855]LogModuleManager: Shutting down and abandoning module TextureFormatASTC (47)
[2016.01.31-23.04.44:738][855]LogModuleManager: Shutting down and abandoning module TextureFormatAndroid (46)
[2016.01.31-23.04.44:738][855]LogModuleManager: Shutting down and abandoning module AudioFormatOpus (45)
[2016.01.31-23.04.44:738][855]LogModuleManager: Shutting down and abandoning module AudioFormatOgg (44)
[2016.01.31-23.04.44:738][855]LogModuleManager: Shutting down and abandoning module AudioFormatADPCM (43)
[2016.01.31-23.04.44:738][855]LogModuleManager: Shutting down and abandoning module LinuxTargetPlatform (42)
[2016.01.31-23.04.44:738][855]LogModuleManager: Shutting down and abandoning module LinuxServerTargetPlatform (41)
[2016.01.31-23.04.44:738][855]LogModuleManager: Shutting down and abandoning module LinuxNoEditorTargetPlatform (40)
[2016.01.31-23.04.44:738][855]LogModuleManager: Shutting down and abandoning module Messaging (39)
[2016.01.31-23.04.44:738][855]LogModuleManager: Shutting down and abandoning module IOSTargetPlatform (38)
[2016.01.31-23.04.44:739][855]LogModuleManager: Shutting down and abandoning module HTML5TargetPlatform (37)
[2016.01.31-23.04.44:739][855]LogModuleManager: Shutting down and abandoning module Android_PVRTCTargetPlatform (36)
[2016.01.31-23.04.44:739][855]LogModuleManager: Shutting down and abandoning module Android_MultiTargetPlatform (35)
[2016.01.31-23.04.44:739][855]LogModuleManager: Shutting down and abandoning module Android_ETC2TargetPlatform (34)
[2016.01.31-23.04.44:739][855]LogModuleManager: Shutting down and abandoning module Android_ETC1TargetPlatform (33)
[2016.01.31-23.04.44:739][855]LogModuleManager: Shutting down and abandoning module Android_DXTTargetPlatform (32)
[2016.01.31-23.04.44:739][855]LogModuleManager: Shutting down and abandoning module Android_ATCTargetPlatform (31)
[2016.01.31-23.04.44:739][855]LogModuleManager: Shutting down and abandoning module Android_ASTCTargetPlatform (30)
[2016.01.31-23.04.44:739][855]LogModuleManager: Shutting down and abandoning module AndroidTargetPlatform (29)
[2016.01.31-23.04.44:739][855]LogModuleManager: Shutting down and abandoning module WindowsTargetPlatform (28)
[2016.01.31-23.04.44:739][855]LogModuleManager: Shutting down and abandoning module WindowsServerTargetPlatform (27)
[2016.01.31-23.04.44:739][855]LogModuleManager: Shutting down and abandoning module WindowsNoEditorTargetPlatform (26)
[2016.01.31-23.04.44:739][855]LogModuleManager: Shutting down and abandoning module WindowsClientTargetPlatform (25)
[2016.01.31-23.04.44:739][855]LogModuleManager: Shutting down and abandoning module AllDesktopTargetPlatform (24)
[2016.01.31-23.04.44:739][855]LogModuleManager: Shutting down and abandoning module TargetPlatform (23)
[2016.01.31-23.04.44:739][855]LogModuleManager: Shutting down and abandoning module InputCore (22)
[2016.01.31-23.04.44:739][855]LogModuleManager: Shutting down and abandoning module Settings (21)
[2016.01.31-23.04.44:739][855]LogModuleManager: Shutting down and abandoning module OnlineSubsystem (19)
[2016.01.31-23.04.44:739][855]LogModuleManager: Shutting down and abandoning module HTTP (18)
[2016.01.31-23.04.46:742][855]LogModuleManager: Shutting down and abandoning module XMPP (17)
[2016.01.31-23.04.46:742][855]LogModuleManager: Shutting down and abandoning module OculusRift (16)
[2016.01.31-23.04.46:742][855]LogModuleManager: Shutting down and abandoning module ExampleDeviceProfileSelector (15)
[2016.01.31-23.04.46:742][855]LogModuleManager: Shutting down and abandoning module TextureCompressor (14)
[2016.01.31-23.04.46:742][855]LogModuleManager: Shutting down and abandoning module ShaderCore (13)
[2016.01.31-23.04.46:742][855]LogModuleManager: Shutting down and abandoning module Landscape (12)
[2016.01.31-23.04.46:742][855]LogModuleManager: Shutting down and abandoning module SlateRHIRenderer (11)
[2016.01.31-23.04.46:743][855]LogModuleManager: Shutting down and abandoning module OpenGLDrv (10)
[2016.01.31-23.04.46:743][855]LogModuleManager: Shutting down and abandoning module D3D11RHI (9)
[2016.01.31-23.04.46:743][855]LogModuleManager: Shutting down and abandoning module AnimGraphRuntime (8)
[2016.01.31-23.04.46:743][855]LogModuleManager: Shutting down and abandoning module Renderer (7)
[2016.01.31-23.04.46:743][855]LogModuleManager: Shutting down and abandoning module Engine (6)
[2016.01.31-23.04.46:743][855]LogModuleManager: Shutting down and abandoning module CoreUObject (5)
[2016.01.31-23.04.46:743][855]LogModuleManager: Shutting down and abandoning module NetworkFile (4)
[2016.01.31-23.04.46:743][855]LogModuleManager: Shutting down and abandoning module StreamingFile (3)
[2016.01.31-23.04.46:743][855]LogModuleManager: Shutting down and abandoning module SandboxFile (2)
[2016.01.31-23.04.46:743][855]LogModuleManager: Shutting down and abandoning module PakFile (1)
[2016.01.31-23.04.46:745][855]LogExit: Exiting.
[2016.01.31-23.04.46:747][855]Log file closed, 01/31/16 17:04:46
