[2016.02.01-00.23.42:203][  0]Log file open, 01/31/16 18:23:42
[2016.02.01-00.23.42:203][  0]LogInit:Display: Running engine for game: HauntedPunchHouse
[2016.02.01-00.23.42:203][  0]LogPlatformFile: Not using cached read wrapper
[2016.02.01-00.23.42:203][  0]LogInit:Display: RandInit(-1014682698) SRandInit(-1014682698).
[2016.02.01-00.23.42:203][  0]LogTaskGraph: Started task graph with 4 named threads and 5 total threads.
[2016.02.01-00.23.42:203][  0]LogStats: Stats thread started at 0.058221
[2016.02.01-00.23.42:203][  0]LogInit: Version: 4.10.2-2818068+++depot+UE4-Releases+4.10
[2016.02.01-00.23.42:203][  0]LogInit: API Version: 2758231
[2016.02.01-00.23.42:203][  0]LogInit: Compiled (64-bit): Jan  6 2016 17:36:42
[2016.02.01-00.23.42:203][  0]LogInit: Compiled with Visual C++: 19.00.23026.00
[2016.02.01-00.23.42:203][  0]LogInit: Build Configuration: Development
[2016.02.01-00.23.42:203][  0]LogInit: Branch Name: ++depot+UE4-Releases+4.10
[2016.02.01-00.23.42:203][  0]LogInit: Command line:  
[2016.02.01-00.23.42:203][  0]LogInit: Base directory: D:/Student Data/My Programs/Epic Games/4.10/Engine/Binaries/Win64/
[2016.02.01-00.23.42:203][  0]LogInit: Rocket: 1
[2016.02.01-00.23.42:209][  0]LogInit: Using libcurl 7.41.0
[2016.02.01-00.23.42:209][  0]LogInit:  - built for x86_64-pc-win32
[2016.02.01-00.23.42:209][  0]LogInit:  - supports SSL with WinSSL
[2016.02.01-00.23.42:209][  0]LogInit:  - other features:
[2016.02.01-00.23.42:209][  0]LogInit:      CURL_VERSION_SSL
[2016.02.01-00.23.42:209][  0]LogInit:      CURL_VERSION_IPV6
[2016.02.01-00.23.42:209][  0]LogInit:      CURL_VERSION_ASYNCHDNS
[2016.02.01-00.23.42:209][  0]LogInit:      CURL_VERSION_LARGEFILE
[2016.02.01-00.23.42:209][  0]LogInit:      CURL_VERSION_IDN
[2016.02.01-00.23.42:209][  0]LogInit:  CurlRequestOptions (configurable via config and command line):
[2016.02.01-00.23.42:209][  0]LogInit:  - bVerifyPeer = true  - Libcurl will verify peer certificate
[2016.02.01-00.23.42:209][  0]LogInit:  - bUseHttpProxy = false  - Libcurl will NOT use HTTP proxy
[2016.02.01-00.23.42:209][  0]LogInit:  - bDontReuseConnections = false  - Libcurl will reuse connections
[2016.02.01-00.23.42:209][  0]LogInit:  - CertBundlePath = nullptr  - Libcurl will use whatever was configured at build time.
[2016.02.01-00.23.42:215][  0]LogInit: Presizing for 0 objects not considered by GC, pre-allocating 0 bytes.
[2016.02.01-00.23.42:222][  0]LogInit: Object subsystem initialized
[2016.02.01-00.23.42:223][  0]LogInit: Selected Device Profile: [Windows]
[2016.02.01-00.23.42:223][  0]LogInit: Applying CVar settings loaded from the selected device profile: [Windows]
[2016.02.01-00.23.42:263][  0]LogInit: Computer: C-5820B173ED7A
[2016.02.01-00.23.42:263][  0]LogInit: User: Patrick
[2016.02.01-00.23.42:263][  0]LogInit: CPU Page size=4096, Cores=2
[2016.02.01-00.23.42:263][  0]LogInit: High frequency timer resolution =2.143472 MHz
[2016.02.01-00.23.42:263][  0]LogMemory: Memory total: Physical=7.9GB (8GB approx)
[2016.02.01-00.23.42:263][  0]LogMemory: Platform Memory Stats for Windows
[2016.02.01-00.23.42:263][  0]LogMemory: Process Physical Memory: 55.86 MB used, 55.86 MB peak
[2016.02.01-00.23.42:263][  0]LogMemory: Process Virtual Memory: 57.61 MB used, 57.61 MB peak
[2016.02.01-00.23.42:263][  0]LogMemory: Physical Memory: 3695.91 MB used, 8067.11 MB total
[2016.02.01-00.23.42:263][  0]LogMemory: Virtual Memory: 382.73 MB used, 134217728.00 MB total
[2016.02.01-00.23.42:320][  0]LogTextLocalizationManager: No specific translations for ('en-US') exist, so ('en') translations will be used.
[2016.02.01-00.23.43:070][  0]LogD3D11RHI: Found D3D11 adapter 0: Intel(R) HD Graphics 5500 (Feature Level 11_0)
[2016.02.01-00.23.43:070][  0]LogD3D11RHI: Adapter has 128MB of dedicated video memory, 0MB of dedicated system memory, and 4033MB of shared system memory, 1 output[s]
[2016.02.01-00.23.43:674][  0]LogD3D11RHI: Found D3D11 adapter 1: AMD Radeon R7 M260X (Feature Level 11_0)
[2016.02.01-00.23.43:674][  0]LogD3D11RHI: Adapter has 1003MB of dedicated video memory, 0MB of dedicated system memory, and 4033MB of shared system memory, 0 output[s]
[2016.02.01-00.23.43:676][  0]LogD3D11RHI: Found D3D11 adapter 2: Microsoft Basic Render Driver (Feature Level 11_0)
[2016.02.01-00.23.43:676][  0]LogD3D11RHI: Adapter has 0MB of dedicated video memory, 0MB of dedicated system memory, and 4033MB of shared system memory, 0 output[s]
[2016.02.01-00.23.43:676][  0]LogD3D11RHI: Chosen D3D11 Adapter Id = 0
[2016.02.01-00.23.43:681][  0]LogD3D11RHI: !Direct3DDevice
[2016.02.01-00.23.43:681][  0]LogRHI: Texture pool is 1361 MB (70% of 1945 MB)
[2016.02.01-00.23.43:686][  0]LogD3D11RHI: Async texture creation enabled
[2016.02.01-00.23.43:691][  0]LogShaderCompilers: Guid format shader working directory is -6 characters bigger than the processId version (../../../../../../Documents/GitHub/Haunted-Punch-House/Intermediate/Shaders/WorkingDirectory/6348/).
[2016.02.01-00.23.43:691][  0]LogShaderCompilers: Cleaned the shader compiler working directory 'C:/Users/Student/AppData/Local/Temp/UnrealShaderWorkingDir/8C24D59A41C709DE953C63800911BE6C/'.
[2016.02.01-00.23.43:691][  0]LogShaderCompilers:Display: Using Local Shader Compiler.
[2016.02.01-00.23.45:606][  0]LogTemp:Display: Loaded TP AllDesktopTargetPlatform
[2016.02.01-00.23.45:611][  0]LogTemp:Display: Loaded TP WindowsClientTargetPlatform
[2016.02.01-00.23.45:615][  0]LogTemp:Display: Loaded TP WindowsNoEditorTargetPlatform
[2016.02.01-00.23.45:620][  0]LogTemp:Display: Loaded TP WindowsServerTargetPlatform
[2016.02.01-00.23.45:625][  0]LogTemp:Display: Loaded TP WindowsTargetPlatform
[2016.02.01-00.23.45:629][  0]LogTemp:Display: Loaded TP AndroidTargetPlatform
[2016.02.01-00.23.45:632][  0]LogTemp:Display: Loaded TP Android_ASTCTargetPlatform
[2016.02.01-00.23.45:635][  0]LogTemp:Display: Loaded TP Android_ATCTargetPlatform
[2016.02.01-00.23.45:638][  0]LogTemp:Display: Loaded TP Android_DXTTargetPlatform
[2016.02.01-00.23.45:641][  0]LogTemp:Display: Loaded TP Android_ETC1TargetPlatform
[2016.02.01-00.23.45:644][  0]LogTemp:Display: Loaded TP Android_ETC2TargetPlatform
[2016.02.01-00.23.45:651][  0]LogTemp:Display: Loaded TP Android_MultiTargetPlatform
[2016.02.01-00.23.45:651][  0]LogTemp:Display: Loaded TP Android_PVRTCTargetPlatform
[2016.02.01-00.23.45:652][  0]LogTemp:Display: Loaded TP HTML5TargetPlatform
[2016.02.01-00.23.45:670][  0]LogTemp:Display: Loaded TP IOSTargetPlatform
[2016.02.01-00.23.45:674][  0]LogTemp:Display: Loaded TP LinuxNoEditorTargetPlatform
[2016.02.01-00.23.45:677][  0]LogTemp:Display: Loaded TP LinuxServerTargetPlatform
[2016.02.01-00.23.45:685][  0]LogTemp:Display: Loaded TP LinuxTargetPlatform
[2016.02.01-00.23.45:685][  0]LogTargetPlatformManager:Display: Building Assets For Windows
[2016.02.01-00.23.45:757][  0]LogDerivedDataCache:Display: Max Cache Size: 512 MB
[2016.02.01-00.23.46:126][  0]LogDerivedDataCache: Loaded boot cache 0.37s 41MB C:/Users/Student/AppData/Local/UnrealEngine/4.10/DerivedDataCache/Boot.ddc.
[2016.02.01-00.23.46:126][  0]LogDerivedDataCache:Display: Loaded Boot cache: C:/Users/Student/AppData/Local/UnrealEngine/4.10/DerivedDataCache/Boot.ddc
[2016.02.01-00.23.46:126][  0]LogDerivedDataCache: FDerivedDataBackendGraph:  Pak pak cache file ../../../../../../Documents/GitHub/Haunted-Punch-House/DerivedDataCache/DDC.ddp not found, will not use a pak cache.
[2016.02.01-00.23.46:126][  0]LogDerivedDataCache: Unable to find inner node Pak for hierarchical cache Hierarchy.
[2016.02.01-00.23.46:126][  0]LogDerivedDataCache: FDerivedDataBackendGraph:  CompressedPak pak cache file ../../../../../../Documents/GitHub/Haunted-Punch-House/DerivedDataCache/Compressed.ddp not found, will not use a pak cache.
[2016.02.01-00.23.46:126][  0]LogDerivedDataCache: Unable to find inner node CompressedPak for hierarchical cache Hierarchy.
[2016.02.01-00.23.46:230][  0]LogDerivedDataCache:Display: Pak cache opened for reading ../../../Engine/DerivedDataCache/Compressed.ddp.
[2016.02.01-00.23.46:242][  0]LogDerivedDataCache: Using Local data cache path C:/Users/Student/AppData/Local/UnrealEngine/Common/DerivedDataCache: Writable
[2016.02.01-00.23.46:509][  0]LogInit: Selected Device Profile: [Windows]
[2016.02.01-00.23.46:514][  0]LogContentStreaming: Texture pool size is 0.000000MB
[2016.02.01-00.23.46:680][  0]LogMeshUtilities: No automatic mesh reduction module available
[2016.02.01-00.23.46:680][  0]LogMeshUtilities: No automatic mesh merging module available
[2016.02.01-00.23.47:062][  0]LogInit: WinSock: version 1.1 (2.2), MaxSocks=32767, MaxUdp=65467
[2016.02.01-00.23.51:595][  0]UdpMessaging: Initializing bridge on interface 0.0.0.0:0 to multicast group 230.0.0.1:6666.
[2016.02.01-00.23.51:755][  0]LogAssetRegistry: FAssetRegistry took 0.0110 seconds to start up
[2016.02.01-00.23.51:976][  0]SourceControl: Info Source control is disabled
[2016.02.01-00.23.51:977][  0]SourceControl: Info Source control is disabled
[2016.02.01-00.23.51:985][  0]SourceControl: Info Source control is disabled
[2016.02.01-00.23.51:996][  0]SourceControl: Info Source control is disabled
[2016.02.01-00.23.52:316][  0]LogObj: 28633 objects as part of root set at end of initial load.
[2016.02.01-00.23.52:316][  0]LogUObjectAllocator: 6099744 out of 0 bytes used by permanent object pool.
[2016.02.01-00.23.52:384][  0]LogEngine: Initializing Engine...
[2016.02.01-00.23.52:387][  0]LogHMD: Can't find Oculus library dev build: is proper Runtime installed? Version: 0.8.0.0
[2016.02.01-00.23.52:387][  0]LogHMD: SteamVR failed to initialize.  Err: 110
[2016.02.01-00.23.52:544][  0]LogAIModule: Creating AISystem for world NewWorld
[2016.02.01-00.23.52:548][  0]LogInit: XAudio2 using 'Speakers/Headphones (Realtek High Definition Audio)' : 2 channels at 48 kHz using 32 bits per sample (channel mask 0x3)
[2016.02.01-00.23.52:733][  0]LogInit: FAudioDevice initialized.
[2016.02.01-00.23.52:767][  0]LogDerivedDataCache: Saved boot cache 0.03s 41MB C:/Users/Student/AppData/Local/UnrealEngine/4.10/DerivedDataCache/Boot.ddc.
[2016.02.01-00.23.52:776][  0]LogInit: Texture streaming: Enabled
[2016.02.01-00.23.52:781][  0]LogAnalytics: Creating configured Analytics provider AnalyticsET
[2016.02.01-00.23.52:781][  0]LogAnalytics: [UEEditor.Rocket.Release] APIServer = http://et2.epicgames.com/ET2/. AppVersion = 4.10.2-2818068+++depot+UE4-Releases+4.10
[2016.02.01-00.23.52:781][  0]LogAnalytics: [UEEditor.Rocket.Release] SetUserId c6e9426d40c3b6b6523f2fbbe6b659f3|ad566b4d291d47d9a4654a9438cd3aeb|76f780ed-daf0-401c-9ba3-dae71ad2bf29
[2016.02.01-00.23.52:781][  0]LogAnalytics: [UEEditor.Rocket.Release] AnalyticsET::StartSession
[2016.02.01-00.23.52:826][  0]LogInit: Transaction tracking system initialized
[2016.02.01-00.23.52:872][  0]BlueprintLog: New page: Editor Load
[2016.02.01-00.23.52:989][  0]LocalizationService: Info Localization service is disabled
[2016.02.01-00.23.53:344][  0]LogConsoleResponse:Display: 
[2016.02.01-00.23.53:539][  0]LogCook:Display: Done creating registry. It took  0.00s.
[2016.02.01-00.23.53:640][  0]LogFileCache: Scanning file cache for directory 'D:/Student Data/Documents/GitHub/Haunted-Punch-House/Content/' took 0.02s
[2016.02.01-00.23.53:640][  0]SourceControl: Info Source control is disabled
[2016.02.01-00.23.53:640][  0]Cmd: MAP LOAD FILE="../../../../../../Documents/GitHub/Haunted-Punch-House/Content/TopDownBP/Maps/TopDownExampleMap.umap" TEMPLATE=0 SHOWPROGRESS=1 FEATURELEVEL=3
[2016.02.01-00.23.53:641][  0]LightingResults: New page: Lighting Build
[2016.02.01-00.23.53:644][  0]MapCheck: New page: Map Check
[2016.02.01-00.23.53:644][  0]LightingResults: New page: Lighting Build
[2016.02.01-00.23.53:669][  0]LogParticles: Destroying 0 GPU particle simulations for FXSystem 0x0000026E23052160
[2016.02.01-00.23.53:946][  0]LogLinker:Warning: Can't find file '/Game/TopDownBP/Blueprints/Player/Player'
[2016.02.01-00.23.53:946][  0]LogLinker:Warning: Can't find file for asset '/Game/TopDownBP/Blueprints/Player/Player' while loading ../../../../../../Documents/GitHub/Haunted-Punch-House/Content/TopDownBP/Blueprints/TopDownGameMode.uasset.
[2016.02.01-00.23.53:946][  0]LoadErrors:Error: Error /Game/TopDownBP/Blueprints/TopDownGameMode : Can't find file for asset. /Game/TopDownBP/Blueprints/Player/Player
[2016.02.01-00.23.54:043][  0]LogLinker:Warning: Can't find file '/Game/TopDownBP/Blueprints/Player/Player'
[2016.02.01-00.23.54:043][  0]LogLinker:Warning: Can't find file for asset '/Game/TopDownBP/Blueprints/Player/Player' while loading ../../../../../../Documents/GitHub/Haunted-Punch-House/Content/TopDownBP/Blueprints/TopDownGameMode.uasset.
[2016.02.01-00.23.54:044][  0]LoadErrors:Error: Error /Game/TopDownBP/Blueprints/TopDownGameMode : Can't find file for asset. /Game/TopDownBP/Blueprints/Player/Player
[2016.02.01-00.23.54:045][  0]LogLinker:Warning: Can't find file '/Game/TopDownBP/Blueprints/Player/Player'
[2016.02.01-00.23.54:045][  0]LogLinker:Warning: Can't find file for asset '/Game/TopDownBP/Blueprints/Player/Player' while loading ../../../../../../Documents/GitHub/Haunted-Punch-House/Content/TopDownBP/Maps/TopDownExampleMap.umap.
[2016.02.01-00.23.54:045][  0]LoadErrors:Error: Error /Game/TopDownBP/Maps/TopDownExampleMap : Can't find file for asset. /Game/TopDownBP/Blueprints/Player/Player
[2016.02.01-00.23.54:045][  0]LogLinker:Warning: Can't find file '/Game/TopDownBP/Blueprints/Player/Player'
[2016.02.01-00.23.54:045][  0]LogLinker:Warning: Can't find file for asset '/Game/TopDownBP/Blueprints/Player/Player' while loading ../../../../../../Documents/GitHub/Haunted-Punch-House/Content/TopDownBP/Maps/TopDownExampleMap.umap.
[2016.02.01-00.23.54:045][  0]LoadErrors:Error: Error /Game/TopDownBP/Maps/TopDownExampleMap : Can't find file for asset. /Game/TopDownBP/Blueprints/Player/Player
[2016.02.01-00.23.54:046][  0]LogLinker:Warning: Can't find file '/Game/TopDownBP/Blueprints/Player/Player'
[2016.02.01-00.23.54:046][  0]LogLinker:Warning: Can't find file for asset '/Game/TopDownBP/Blueprints/Player/Player' while loading ../../../../../../Documents/GitHub/Haunted-Punch-House/Content/TopDownBP/Maps/TopDownExampleMap.umap.
[2016.02.01-00.23.54:046][  0]LoadErrors:Error: Error /Game/TopDownBP/Maps/TopDownExampleMap : Can't find file for asset. /Game/TopDownBP/Blueprints/Player/Player
[2016.02.01-00.23.54:806][  0]LogAIModule: Creating AISystem for world TopDownExampleMap
[2016.02.01-00.23.54:825][  0]LogEditorServer: Finished looking for orphan Actors (0.000 secs)
[2016.02.01-00.23.54:826][  0]Cmd: MAP CHECKDEP NOCLEARLOG
[2016.02.01-00.23.54:896][  0]MapCheck: Info Map check complete: 0 Error(s), 0 Warning(s), took 69.966ms to complete.
[2016.02.01-00.23.54:896][  0]LogFileHelpers: Loading map 'TopDownExampleMap' took 1.256
[2016.02.01-00.23.55:054][  0]LogCollectionManager: Loaded 0 collections in 0.002196 seconds
[2016.02.01-00.23.55:095][  0]LogFileCache: Scanning file cache for directory 'D:/Student Data/Documents/GitHub/Haunted-Punch-House/Saved/Collections/' took 0.01s
[2016.02.01-00.23.55:095][  0]LogFileCache: Scanning file cache for directory 'D:/Student Data/Documents/GitHub/Haunted-Punch-House/Content/Developers/Patrick/Collections/' took 0.01s
[2016.02.01-00.23.55:095][  0]LogFileCache: Scanning file cache for directory 'D:/Student Data/Documents/GitHub/Haunted-Punch-House/Content/Collections/' took 0.01s
[2016.02.01-00.23.55:095][  0]LogCollectionManager: Rebuilt the GUID cache for 0 collections in 0.000003 seconds
[2016.02.01-00.23.55:108][  0]LogContentBrowser: Native class hierarchy populated in 0.0131 seconds. Added 1893 classes and 338 folders.
[2016.02.01-00.23.55:114][  0]LogContentBrowser: Native class hierarchy updated for 'WidgetCarousel' in 0.0004 seconds. Added 0 classes and 0 folders.
[2016.02.01-00.23.55:693][  0]LogContentBrowser: Native class hierarchy updated for 'AddContentDialog' in 0.0014 seconds. Added 0 classes and 0 folders.
[2016.02.01-00.23.55:698][  0]LogContentBrowser: Native class hierarchy updated for 'SceneOutliner' in 0.0006 seconds. Added 1 classes and 2 folders.
[2016.02.01-00.23.55:784][  0]LogCrashTracker: Crashtracker disabled due to settings.
[2016.02.01-00.23.55:790][  0]LogUObjectGlobals:Warning: Failed to find object 'Class None.'
[2016.02.01-00.23.55:813][  0]LogLoad: Full Startup: 14.33 seconds (BP compile: 0.22 seconds)
[2016.02.01-00.23.55:836][  0]LogOcInput: Can't find Oculus library dev build: is proper Runtime installed? Version: 0.8.0.0
[2016.02.01-00.23.56:134][  0]LogContentStreaming: Texture pool size now 400 MB
[2016.02.01-00.23.56:362][  0]LogRenderer: Reallocating scene render targets to support 1008x456 (Frame:2).
[2016.02.01-00.23.57:397][  4]LogAssetRegistry: Asset discovery search completed in 5.6529 seconds
[2016.02.01-00.23.57:397][  4]LogCollectionManager: Rebuilt the object cache for 0 collections in 0.000001 seconds (found 0 objects)
[2016.02.01-00.23.57:397][  4]LogCollectionManager: Fixed up redirectors for 0 collections in 0.000032 seconds (updated 0 objects)
[2016.02.01-00.24.06:062][445]LogBlueprintUserMessages: Early PlayInEditor Detection: Level '/Game/TopDownBP/Maps/TopDownExampleMap.TopDownExampleMap:PersistentLevel' has LevelScriptBlueprint '/Game/TopDownBP/Maps/TopDownExampleMap.TopDownExampleMap:PersistentLevel.TopDownExampleMap' with GeneratedClass '/Game/TopDownBP/Maps/TopDownExampleMap.TopDownExampleMap_C' with ClassGeneratedBy '/Game/TopDownBP/Maps/TopDownExampleMap.TopDownExampleMap:PersistentLevel.TopDownExampleMap'
[2016.02.01-00.24.06:063][445]LogPlayLevel: PlayLevel: No blueprints needed recompiling
[2016.02.01-00.24.06:063][445]PIE: New page: PIE session: TopDownExampleMap (Jan 31, 2016, 12:24:06 PM)
[2016.02.01-00.24.06:063][445]LogPlayLevel: Creating play world package: /Game/TopDownBP/Maps/UEDPIE_0_TopDownExampleMap
[2016.02.01-00.24.06:104][445]LogPlayLevel: PIE: StaticDuplicateObject took: (0.041421s)
[2016.02.01-00.24.06:106][445]LogAIModule: Creating AISystem for world TopDownExampleMap
[2016.02.01-00.24.06:106][445]LogPlayLevel: PIE: World Init took: (0.001788s)
[2016.02.01-00.24.06:107][445]LogPlayLevel: PIE: Created PIE world by copying editor world from /Game/TopDownBP/Maps/TopDownExampleMap.TopDownExampleMap to /Game/TopDownBP/Maps/UEDPIE_0_TopDownExampleMap.TopDownExampleMap (0.043694s)
[2016.02.01-00.24.06:144][445]LogInit: XAudio2 using 'Speakers/Headphones (Realtek High Definition Audio)' : 2 channels at 48 kHz using 32 bits per sample (channel mask 0x3)
[2016.02.01-00.24.06:156][445]LogInit: FAudioDevice initialized.
[2016.02.01-00.24.06:211][445]LogWorld: Game class is 'TopDownGameMode_C'
[2016.02.01-00.24.06:216][445]LogWorld: Bringing World /Game/TopDownBP/Maps/UEDPIE_0_TopDownExampleMap.TopDownExampleMap up for play (max tick rate 60) at 2016.01.31-18.24.06
[2016.02.01-00.24.06:216][445]LogActor:Warning: GameSession /Game/TopDownBP/Maps/UEDPIE_0_TopDownExampleMap.TopDownExampleMap:PersistentLevel.GameSession_0 has natively added scene component(s), but none of them were set as the actor's RootComponent - picking one arbitrarily
[2016.02.01-00.24.06:216][445]LogActor:Warning: GameNetworkManager /Game/TopDownBP/Maps/UEDPIE_0_TopDownExampleMap.TopDownExampleMap:PersistentLevel.GameNetworkManager_0 has natively added scene component(s), but none of them were set as the actor's RootComponent - picking one arbitrarily
[2016.02.01-00.24.06:217][445]LogWorld: Bringing up level for play took: 0.004658
[2016.02.01-00.24.06:219][445]PIE: Info Play in editor start time for /Game/TopDownBP/Maps/UEDPIE_0_TopDownExampleMap -0.383
[2016.02.01-00.24.06:219][445]LogBlueprintUserMessages: Late PlayInEditor Detection: Level '/Game/TopDownBP/Maps/TopDownExampleMap.TopDownExampleMap:PersistentLevel' has LevelScriptBlueprint '/Game/TopDownBP/Maps/TopDownExampleMap.TopDownExampleMap:PersistentLevel.TopDownExampleMap' with GeneratedClass '/Game/TopDownBP/Maps/TopDownExampleMap.TopDownExampleMap_C' with ClassGeneratedBy '/Game/TopDownBP/Maps/TopDownExampleMap.TopDownExampleMap:PersistentLevel.TopDownExampleMap'
[2016.02.01-00.24.07:967][523]LogBlueprintUserMessages: Early EndPlayMap Detection: Level '/Game/TopDownBP/Maps/TopDownExampleMap.TopDownExampleMap:PersistentLevel' has LevelScriptBlueprint '/Game/TopDownBP/Maps/TopDownExampleMap.TopDownExampleMap:PersistentLevel.TopDownExampleMap' with GeneratedClass '/Game/TopDownBP/Maps/TopDownExampleMap.TopDownExampleMap_C' with ClassGeneratedBy '/Game/TopDownBP/Maps/TopDownExampleMap.TopDownExampleMap:PersistentLevel.TopDownExampleMap'
[2016.02.01-00.24.08:008][523]LogBlueprintUserMessages: Late EndPlayMap Detection: Level '/Game/TopDownBP/Maps/TopDownExampleMap.TopDownExampleMap:PersistentLevel' has LevelScriptBlueprint '/Game/TopDownBP/Maps/TopDownExampleMap.TopDownExampleMap:PersistentLevel.TopDownExampleMap' with GeneratedClass '/Game/TopDownBP/Maps/TopDownExampleMap.TopDownExampleMap_C' with ClassGeneratedBy '/Game/TopDownBP/Maps/TopDownExampleMap.TopDownExampleMap:PersistentLevel.TopDownExampleMap'
[2016.02.01-00.24.08:061][523]LogParticles: Destroying 0 GPU particle simulations for FXSystem 0x0000026E2A766DE0
[2016.02.01-00.24.09:813][594]LogWindowsTextInputMethodSystem:Display: IME system now deactivated.
[2016.02.01-00.24.10:178][595]Cmd: QUIT_EDITOR
[2016.02.01-00.24.10:598][595]LogExit: Preparing to exit.
[2016.02.01-00.24.11:701][595]LogExit: Editor shut down
[2016.02.01-00.24.11:701][595]LogExit: Transaction tracking system shut down
[2016.02.01-00.24.11:705][595]LogParticles: Destroying 0 GPU particle simulations for FXSystem 0x0000026E27FA3D80
[2016.02.01-00.24.11:705][595]LogParticles: Destroying 0 GPU particle simulations for FXSystem 0x0000026E2AAB7880
[2016.02.01-00.24.11:859][595]LogParticles: Destroying 0 GPU particle simulations for FXSystem 0x0000026E156C58A0
[2016.02.01-00.24.11:859][595]LogExit: Object subsystem successfully closed.
[2016.02.01-00.24.11:874][595]LogD3D11RHI: Shutdown
[2016.02.01-00.24.11:874][595]LogD3D11RHI: CleanupD3DDevice
[2016.02.01-00.24.11:949][595]LogD3D11RHI: ~FD3D11DynamicRHI
[2016.02.01-00.24.11:963][595]LogModuleManager: Shutting down and abandoning module CrashTracker (198)
[2016.02.01-00.24.11:963][595]LogModuleManager: Shutting down and abandoning module SceneOutliner (197)
[2016.02.01-00.24.11:963][595]LogModuleManager: Shutting down and abandoning module SuperSearch (196)
[2016.02.01-00.24.11:963][595]LogModuleManager: Shutting down and abandoning module WidgetCarousel (195)
[2016.02.01-00.24.11:963][595]LogModuleManager: Shutting down and abandoning module AddContentDialog (194)
[2016.02.01-00.24.11:965][595]LogModuleManager: Shutting down and abandoning module EditorWidgets (193)
[2016.02.01-00.24.11:965][595]LogModuleManager: Shutting down and abandoning module CollectionManager (192)
[2016.02.01-00.24.11:965][595]LogModuleManager: Shutting down and abandoning module StatsViewer (191)
[2016.02.01-00.24.11:965][595]LogModuleManager: Shutting down and abandoning module FoliageEdit (190)
[2016.02.01-00.24.11:965][595]LogModuleManager: Shutting down and abandoning module LandscapeEditor (189)
[2016.02.01-00.24.11:966][595]LogModuleManager: Shutting down and abandoning module ActorPickerMode (188)
[2016.02.01-00.24.11:966][595]LogModuleManager: Shutting down and abandoning module GeometryMode (187)
[2016.02.01-00.24.11:966][595]LogModuleManager: Shutting down and abandoning module TextureAlignMode (186)
[2016.02.01-00.24.11:966][595]LogModuleManager: Shutting down and abandoning module BspMode (185)
[2016.02.01-00.24.11:966][595]LogModuleManager: Shutting down and abandoning module PlacementMode (184)
[2016.02.01-00.24.11:966][595]LogModuleManager: Shutting down and abandoning module AutomationWorker (183)
[2016.02.01-00.24.11:966][595]LogModuleManager: Shutting down and abandoning module CharacterAI (182)
[2016.02.01-00.24.11:966][595]LogModuleManager: Shutting down and abandoning module SmartSnapping (181)
[2016.02.01-00.24.11:966][595]LogModuleManager: Shutting down and abandoning module ViewportSnapping (180)
[2016.02.01-00.24.11:966][595]LogModuleManager: Shutting down and abandoning module LogVisualizer (179)
[2016.02.01-00.24.11:966][595]LogModuleManager: Shutting down and abandoning module GameProjectGeneration (178)
[2016.02.01-00.24.11:966][595]LogModuleManager: Shutting down and abandoning module IntroTutorials (177)
[2016.02.01-00.24.11:966][595]LogModuleManager: Shutting down and abandoning module EditorLiveStreaming (176)
[2016.02.01-00.24.11:966][595]LogModuleManager: Shutting down and abandoning module IOSPlatformEditor (175)
[2016.02.01-00.24.11:966][595]LogModuleManager: Shutting down and abandoning module HTML5PlatformEditor (174)
[2016.02.01-00.24.11:966][595]LogModuleManager: Shutting down and abandoning module AndroidDeviceDetection (173)
[2016.02.01-00.24.12:056][595]LogModuleManager: Shutting down and abandoning module AndroidPlatformEditor (172)
[2016.02.01-00.24.12:056][595]LogModuleManager: Shutting down and abandoning module IOSRuntimeSettings (171)
[2016.02.01-00.24.12:056][595]LogModuleManager: Shutting down and abandoning module AndroidRuntimeSettings (170)
[2016.02.01-00.24.12:056][595]LogModuleManager: Shutting down and abandoning module MergeActors (169)
[2016.02.01-00.24.12:056][595]LogModuleManager: Shutting down and abandoning module SizeMap (168)
[2016.02.01-00.24.12:056][595]LogModuleManager: Shutting down and abandoning module TreeMap (167)
[2016.02.01-00.24.12:056][595]LogModuleManager: Shutting down and abandoning module ReferenceViewer (166)
[2016.02.01-00.24.12:056][595]LogModuleManager: Shutting down and abandoning module LocalizationService (165)
[2016.02.01-00.24.12:056][595]LogModuleManager: Shutting down and abandoning module LocalizationDashboard (164)
[2016.02.01-00.24.12:056][595]LogModuleManager: Shutting down and abandoning module HardwareTargeting (163)
[2016.02.01-00.24.12:056][595]LogModuleManager: Shutting down and abandoning module DeviceProfileEditor (162)
[2016.02.01-00.24.12:056][595]LogModuleManager: Shutting down and abandoning module UndoHistory (161)
[2016.02.01-00.24.12:056][595]LogModuleManager: Shutting down and abandoning module GameplayTagsEditor (160)
[2016.02.01-00.24.12:056][595]LogModuleManager: Shutting down and abandoning module UserFeedback (159)
[2016.02.01-00.24.12:056][595]LogModuleManager: Shutting down and abandoning module XmlParser (158)
[2016.02.01-00.24.12:056][595]LogModuleManager: Shutting down and abandoning module Blutility (157)
[2016.02.01-00.24.12:056][595]LogModuleManager: Shutting down and abandoning module ProjectTargetPlatformEditor (156)
[2016.02.01-00.24.12:056][595]LogModuleManager: Shutting down and abandoning module ProjectSettingsViewer (155)
[2016.02.01-00.24.12:056][595]LogModuleManager: Shutting down and abandoning module InputBindingEditor (154)
[2016.02.01-00.24.12:056][595]LogModuleManager: Shutting down and abandoning module EditorSettingsViewer (153)
[2016.02.01-00.24.12:057][595]LogModuleManager: Shutting down and abandoning module SettingsEditor (152)
[2016.02.01-00.24.12:057][595]LogModuleManager: Shutting down and abandoning module ProjectLauncher (151)
[2016.02.01-00.24.12:057][595]LogModuleManager: Shutting down and abandoning module SessionFrontend (150)
[2016.02.01-00.24.12:057][595]LogModuleManager: Shutting down and abandoning module ProfilerClient (149)
[2016.02.01-00.24.12:057][595]LogModuleManager: Shutting down and abandoning module TargetDeviceServices (148)
[2016.02.01-00.24.12:057][595]LogModuleManager: Shutting down and abandoning module DeviceManager (147)
[2016.02.01-00.24.12:057][595]LogModuleManager: Shutting down and abandoning module AutomationController (146)
[2016.02.01-00.24.12:057][595]LogModuleManager: Shutting down and abandoning module AutomationWindow (145)
[2016.02.01-00.24.12:057][595]LogModuleManager: Shutting down and abandoning module Layers (144)
[2016.02.01-00.24.12:057][595]LogModuleManager: Shutting down and abandoning module ComponentVisualizers (143)
[2016.02.01-00.24.12:057][595]LogModuleManager: Shutting down and abandoning module DetailCustomizations (142)
[2016.02.01-00.24.12:057][595]LogModuleManager: Shutting down and abandoning module PackagesDialog (141)
[2016.02.01-00.24.12:057][595]LogModuleManager: Shutting down and abandoning module Persona (140)
[2016.02.01-00.24.12:057][595]LogModuleManager: Shutting down and abandoning module Kismet (139)
[2016.02.01-00.24.12:057][595]LogModuleManager: Shutting down and abandoning module GraphEditor (138)
[2016.02.01-00.24.12:057][595]LogModuleManager: Shutting down and abandoning module ClassViewer (137)
[2016.02.01-00.24.12:057][595]LogModuleManager: Shutting down and abandoning module Toolbox (136)
[2016.02.01-00.24.12:057][595]LogModuleManager: Shutting down and abandoning module ModuleUI (135)
[2016.02.01-00.24.12:057][595]LogModuleManager: Shutting down and abandoning module MovieSceneTools (134)
[2016.02.01-00.24.12:057][595]LogModuleManager: Shutting down and abandoning module OutputLog (133)
[2016.02.01-00.24.12:057][595]LogModuleManager: Shutting down and abandoning module GammaUI (132)
[2016.02.01-00.24.12:057][595]LogModuleManager: Shutting down and abandoning module Documentation (131)
[2016.02.01-00.24.12:057][595]LogModuleManager: Shutting down and abandoning module GameLiveStreaming (130)
[2016.02.01-00.24.12:057][595]LogModuleManager: Shutting down and abandoning module StreamingPauseRendering (129)
[2016.02.01-00.24.12:057][595]LogModuleManager: Shutting down and abandoning module AnalyticsET (128)
[2016.02.01-00.24.12:057][595]LogModuleManager: Shutting down and abandoning module Analytics (127)
[2016.02.01-00.24.12:057][595]LogModuleManager: Shutting down and abandoning module AITestSuite (126)
[2016.02.01-00.24.12:057][595]LogModuleManager: Shutting down and abandoning module GameplayDebugger (125)
[2016.02.01-00.24.12:057][595]LogModuleManager: Shutting down and abandoning module AIModule (124)
[2016.02.01-00.24.12:057][595]LogModuleManager: Shutting down and abandoning module ProfilerService (123)
[2016.02.01-00.24.12:124][595]LogModuleManager: Shutting down and abandoning module TaskGraph (122)
[2016.02.01-00.24.12:125][595]LogModuleManager: Shutting down and abandoning module SlateRemote (121)
[2016.02.01-00.24.12:125][595]LogModuleManager: Shutting down and abandoning module SteamVRController (120)
[2016.02.01-00.24.12:125][595]LogModuleManager: Shutting down and abandoning module SteamVR (119)
[2016.02.01-00.24.12:125][595]LogModuleManager: Shutting down and abandoning module ProceduralMeshComponent (118)
[2016.02.01-00.24.12:125][595]LogModuleManager: Shutting down and abandoning module OculusLibrary (117)
[2016.02.01-00.24.12:125][595]LogModuleManager: Shutting down and abandoning module OculusInput (116)
[2016.02.01-00.24.12:125][595]LogModuleManager: Shutting down and abandoning module LeapMotionController (115)
[2016.02.01-00.24.12:179][595]LogModuleManager: Shutting down and abandoning module CustomMeshComponent (114)
[2016.02.01-00.24.12:180][595]LogModuleManager: Shutting down and abandoning module CableComponent (113)
[2016.02.01-00.24.12:180][595]LogModuleManager: Shutting down and abandoning module ArchVisCharacter (112)
[2016.02.01-00.24.12:180][595]LogModuleManager: Shutting down and abandoning module MessagingDebugger (111)
[2016.02.01-00.24.12:180][595]LogModuleManager: Shutting down and abandoning module MediaPlayerEditor (110)
[2016.02.01-00.24.12:180][595]LogModuleManager: Shutting down and abandoning module HTML5Networking (109)
[2016.02.01-00.24.12:180][595]LogModuleManager: Shutting down and abandoning module SpeedTreeImporter (108)
[2016.02.01-00.24.12:180][595]LogModuleManager: Shutting down and abandoning module PluginBrowser (107)
[2016.02.01-00.24.12:180][595]LogModuleManager: Shutting down and abandoning module EpicSurvey (106)
[2016.02.01-00.24.12:180][595]LogModuleManager: Shutting down and abandoning module DesktopPlatform (105)
[2016.02.01-00.24.12:180][595]LogModuleManager: Shutting down and abandoning module VisualStudioSourceCodeAccess (104)
[2016.02.01-00.24.12:180][595]LogModuleManager: Shutting down and abandoning module UObjectPlugin (103)
[2016.02.01-00.24.12:180][595]LogModuleManager: Shutting down and abandoning module SubversionSourceControl (102)
[2016.02.01-00.24.12:180][595]LogModuleManager: Shutting down and abandoning module PerforceSourceControl (101)
[2016.02.01-00.24.12:180][595]LogModuleManager: Shutting down and abandoning module SourceControl (100)
[2016.02.01-00.24.12:180][595]LogModuleManager: Shutting down and abandoning module GitSourceControl (99)
[2016.02.01-00.24.12:180][595]LogModuleManager: Shutting down and abandoning module LightPropagationVolumeEditor (98)
[2016.02.01-00.24.12:180][595]LogModuleManager: Shutting down and abandoning module PaperTiledImporter (97)
[2016.02.01-00.24.12:180][595]LogModuleManager: Shutting down and abandoning module PaperSpriteSheetImporter (96)
[2016.02.01-00.24.12:180][595]LogModuleManager: Shutting down and abandoning module MeshPaint (95)
[2016.02.01-00.24.12:180][595]LogModuleManager: Shutting down and abandoning module SlateReflector (94)
[2016.02.01-00.24.12:180][595]LogModuleManager: Shutting down and abandoning module HotReload (93)
[2016.02.01-00.24.12:180][595]LogModuleManager: Shutting down and abandoning module MainFrame (92)
[2016.02.01-00.24.12:180][595]LogModuleManager: Shutting down and abandoning module LevelEditor (91)
[2016.02.01-00.24.12:182][595]LogModuleManager: Shutting down and abandoning module DirectoryWatcher (90)
[2016.02.01-00.24.12:183][595]LogModuleManager: Shutting down and abandoning module AssetRegistry (89)
[2016.02.01-00.24.12:260][595]LogModuleManager: Shutting down and abandoning module ContentBrowser (88)
[2016.02.01-00.24.12:261][595]LogModuleManager: Shutting down and abandoning module Paper2DEditor (87)
[2016.02.01-00.24.12:261][595]LogModuleManager: Shutting down and abandoning module UdpMessaging (86)
[2016.02.01-00.24.12:362][595]LogModuleManager: Shutting down and abandoning module LightPropagationVolumeRuntime (85)
[2016.02.01-00.24.12:362][595]LogModuleManager: Shutting down and abandoning module Paper2D (84)
[2016.02.01-00.24.12:362][595]LogModuleManager: Shutting down and abandoning module WindowsMoviePlayer (83)
[2016.02.01-00.24.12:366][595]LogModuleManager: Shutting down and abandoning module Media (82)
[2016.02.01-00.24.12:366][595]LogModuleManager: Shutting down and abandoning module WmfMedia (81)
[2016.02.01-00.24.12:366][595]LogModuleManager: Shutting down and abandoning module OnlineBlueprintSupport (80)
[2016.02.01-00.24.12:366][595]LogModuleManager: Shutting down and abandoning module GameplayTasksEditor (79)
[2016.02.01-00.24.12:366][595]LogModuleManager: Shutting down and abandoning module PropertyEditor (78)
[2016.02.01-00.24.12:367][595]LogModuleManager: Shutting down and abandoning module BehaviorTreeEditor (77)
[2016.02.01-00.24.12:367][595]LogModuleManager: Shutting down and abandoning module FunctionalTesting (76)
[2016.02.01-00.24.12:367][595]LogModuleManager: Shutting down and abandoning module CollisionAnalyzer (75)
[2016.02.01-00.24.12:367][595]LogModuleManager: Shutting down and abandoning module WorkspaceMenuStructure (74)
[2016.02.01-00.24.12:367][595]LogModuleManager: Shutting down and abandoning module MessageLog (73)
[2016.02.01-00.24.12:367][595]LogModuleManager: Shutting down and abandoning module Sequencer (72)
[2016.02.01-00.24.12:367][595]LogModuleManager: Shutting down and abandoning module AssetTools (71)
[2016.02.01-00.24.12:367][595]LogModuleManager: Shutting down and abandoning module UMGEditor (70)
[2016.02.01-00.24.12:367][595]LogModuleManager: Shutting down and abandoning module UMG (69)
[2016.02.01-00.24.12:367][595]LogModuleManager: Shutting down and abandoning module Slate (68)
[2016.02.01-00.24.12:367][595]LogModuleManager: Shutting down and abandoning module EditorStyle (67)
[2016.02.01-00.24.12:370][595]LogModuleManager: Shutting down and abandoning module SessionServices (66)
[2016.02.01-00.24.12:370][595]LogModuleManager: Shutting down and abandoning module SourceCodeAccess (65)
[2016.02.01-00.24.12:370][595]LogModuleManager: Shutting down and abandoning module HeadMountedDisplay (64)
[2016.02.01-00.24.12:370][595]LogModuleManager: Shutting down and abandoning module XAudio2 (63)
[2016.02.01-00.24.12:370][595]LogModuleManager: Shutting down and abandoning module Networking (61)
[2016.02.01-00.24.12:370][595]LogModuleManager: Shutting down and abandoning module Core (60)
[2016.02.01-00.24.12:370][595]LogModuleManager: Shutting down and abandoning module KismetCompiler (59)
[2016.02.01-00.24.12:370][595]LogModuleManager: Shutting down and abandoning module PhysXFormats (58)
[2016.02.01-00.24.12:370][595]LogModuleManager: Shutting down and abandoning module MeshUtilities (57)
[2016.02.01-00.24.12:370][595]LogModuleManager: Shutting down and abandoning module DerivedDataCache (56)
[2016.02.01-00.24.12:780][595]LogDerivedDataCache: Shutdown
[2016.02.01-00.24.12:780][595]LogModuleManager: Shutting down and abandoning module ShaderFormatOpenGL (55)
[2016.02.01-00.24.12:780][595]LogModuleManager: Shutting down and abandoning module ShaderFormatD3D (54)
[2016.02.01-00.24.12:780][595]LogModuleManager: Shutting down and abandoning module MetalShaderFormat (53)
[2016.02.01-00.24.12:780][595]LogModuleManager: Shutting down and abandoning module TextureFormatUncompressed (52)
[2016.02.01-00.24.12:780][595]LogModuleManager: Shutting down and abandoning module TextureFormatPVR (51)
[2016.02.01-00.24.12:780][595]LogModuleManager: Shutting down and abandoning module TextureFormatIntelISPCTexComp (50)
[2016.02.01-00.24.12:780][595]LogModuleManager: Shutting down and abandoning module TextureFormatDXT (49)
[2016.02.01-00.24.12:780][595]LogModuleManager: Shutting down and abandoning module ImageWrapper (48)
[2016.02.01-00.24.12:780][595]LogModuleManager: Shutting down and abandoning module TextureFormatASTC (47)
[2016.02.01-00.24.12:780][595]LogModuleManager: Shutting down and abandoning module TextureFormatAndroid (46)
[2016.02.01-00.24.12:780][595]LogModuleManager: Shutting down and abandoning module AudioFormatOpus (45)
[2016.02.01-00.24.12:780][595]LogModuleManager: Shutting down and abandoning module AudioFormatOgg (44)
[2016.02.01-00.24.12:780][595]LogModuleManager: Shutting down and abandoning module AudioFormatADPCM (43)
[2016.02.01-00.24.12:780][595]LogModuleManager: Shutting down and abandoning module LinuxTargetPlatform (42)
[2016.02.01-00.24.12:780][595]LogModuleManager: Shutting down and abandoning module LinuxServerTargetPlatform (41)
[2016.02.01-00.24.12:780][595]LogModuleManager: Shutting down and abandoning module LinuxNoEditorTargetPlatform (40)
[2016.02.01-00.24.12:780][595]LogModuleManager: Shutting down and abandoning module Messaging (39)
[2016.02.01-00.24.12:780][595]LogModuleManager: Shutting down and abandoning module IOSTargetPlatform (38)
[2016.02.01-00.24.12:780][595]LogModuleManager: Shutting down and abandoning module HTML5TargetPlatform (37)
[2016.02.01-00.24.12:780][595]LogModuleManager: Shutting down and abandoning module Android_PVRTCTargetPlatform (36)
[2016.02.01-00.24.12:781][595]LogModuleManager: Shutting down and abandoning module Android_MultiTargetPlatform (35)
[2016.02.01-00.24.12:781][595]LogModuleManager: Shutting down and abandoning module Android_ETC2TargetPlatform (34)
[2016.02.01-00.24.12:781][595]LogModuleManager: Shutting down and abandoning module Android_ETC1TargetPlatform (33)
[2016.02.01-00.24.12:781][595]LogModuleManager: Shutting down and abandoning module Android_DXTTargetPlatform (32)
[2016.02.01-00.24.12:781][595]LogModuleManager: Shutting down and abandoning module Android_ATCTargetPlatform (31)
[2016.02.01-00.24.12:781][595]LogModuleManager: Shutting down and abandoning module Android_ASTCTargetPlatform (30)
[2016.02.01-00.24.12:781][595]LogModuleManager: Shutting down and abandoning module AndroidTargetPlatform (29)
[2016.02.01-00.24.12:781][595]LogModuleManager: Shutting down and abandoning module WindowsTargetPlatform (28)
[2016.02.01-00.24.12:781][595]LogModuleManager: Shutting down and abandoning module WindowsServerTargetPlatform (27)
[2016.02.01-00.24.12:781][595]LogModuleManager: Shutting down and abandoning module WindowsNoEditorTargetPlatform (26)
[2016.02.01-00.24.12:781][595]LogModuleManager: Shutting down and abandoning module WindowsClientTargetPlatform (25)
[2016.02.01-00.24.12:781][595]LogModuleManager: Shutting down and abandoning module AllDesktopTargetPlatform (24)
[2016.02.01-00.24.12:781][595]LogModuleManager: Shutting down and abandoning module TargetPlatform (23)
[2016.02.01-00.24.12:781][595]LogModuleManager: Shutting down and abandoning module InputCore (22)
[2016.02.01-00.24.12:781][595]LogModuleManager: Shutting down and abandoning module Settings (21)
[2016.02.01-00.24.12:781][595]LogModuleManager: Shutting down and abandoning module OnlineSubsystem (19)
[2016.02.01-00.24.12:781][595]LogModuleManager: Shutting down and abandoning module HTTP (18)
[2016.02.01-00.24.14:785][595]LogModuleManager: Shutting down and abandoning module XMPP (17)
[2016.02.01-00.24.14:785][595]LogModuleManager: Shutting down and abandoning module OculusRift (16)
[2016.02.01-00.24.14:785][595]LogModuleManager: Shutting down and abandoning module ExampleDeviceProfileSelector (15)
[2016.02.01-00.24.14:786][595]LogModuleManager: Shutting down and abandoning module TextureCompressor (14)
[2016.02.01-00.24.14:786][595]LogModuleManager: Shutting down and abandoning module ShaderCore (13)
[2016.02.01-00.24.14:786][595]LogModuleManager: Shutting down and abandoning module Landscape (12)
[2016.02.01-00.24.14:786][595]LogModuleManager: Shutting down and abandoning module SlateRHIRenderer (11)
[2016.02.01-00.24.14:788][595]LogModuleManager: Shutting down and abandoning module OpenGLDrv (10)
[2016.02.01-00.24.14:788][595]LogModuleManager: Shutting down and abandoning module D3D11RHI (9)
[2016.02.01-00.24.14:788][595]LogModuleManager: Shutting down and abandoning module AnimGraphRuntime (8)
[2016.02.01-00.24.14:788][595]LogModuleManager: Shutting down and abandoning module Renderer (7)
[2016.02.01-00.24.14:788][595]LogModuleManager: Shutting down and abandoning module Engine (6)
[2016.02.01-00.24.14:788][595]LogModuleManager: Shutting down and abandoning module CoreUObject (5)
[2016.02.01-00.24.14:790][595]LogModuleManager: Shutting down and abandoning module NetworkFile (4)
[2016.02.01-00.24.14:790][595]LogModuleManager: Shutting down and abandoning module StreamingFile (3)
[2016.02.01-00.24.14:790][595]LogModuleManager: Shutting down and abandoning module SandboxFile (2)
[2016.02.01-00.24.14:790][595]LogModuleManager: Shutting down and abandoning module PakFile (1)
[2016.02.01-00.24.14:790][595]LogExit: Exiting.
[2016.02.01-00.24.14:794][595]Log file closed, 01/31/16 18:24:14
